[www.resilienceroutes.com/index.html]
[backblue.gif]
[fade.gif]
[index.html]
[images.squarespace-cdn.com/content/64fce6ab35ce4611b9594588/902511f9-d9e3-4c2c-ae43-816bb3399e80/Logo-2-10043a3.jpg]
[assets.squarespace.com/@sqs/polyfiller/1.6/legacy.js]
[use.typekit.net/ik/i-aEe9QPksg7YMl50jhgMPw5C3RTLoUhEqWZBPDU2cSfezMIfFHN4UJLFRbh52jhWDjXZcF8FcBKwDmRZQbhwQBK5Q9oF29t5g78MkG0jAFu-WsoShFGZAsude80ZkoRdhXCHKoyjamTiY8Djhy8ZYmC-Ao1Oco8if37OcBDOcu8OfG0SaBujW4]
[assets.squarespace.com/universal/scripts-compressed/extract-css-runtime-04a33cfd2e273734-min.en-US.js]
[assets.squarespace.com/@sqs/polyfiller/1.6/modern.js]
[assets.squarespace.com/universal/scripts-compressed/cldr-resource-pack-c5175d8ac6fd7505-min.en-US.js]
[assets.squarespace.com/universal/scripts-compressed/extract-css-moment-js-vendor-6f2a1f6ec9a41489-min.en-US.js]
[assets.squarespace.com/universal/scripts-compressed/performance-0e65ff2576fd6ed9-min.en-US.js]
[static1.squarespace.com/static/sitecss/64fce6ab35ce4611b9594588/8/52a74dafe4b073a80cd253c5/64fce6ab35ce4611b9594590/1054/site.css]
[assets.squarespace.com/universal/scripts-compressed/common-vendors-stable-fbd854d40b0804b7-min.en-US.js]
[assets.squarespace.com/universal/scripts-compressed/common-vendors-8db1dcd32d6f0232-min.en-US.js]
[assets.squarespace.com/universal/scripts-compressed/common-4ba6434fd1076541-min.en-US.js]
[definitions.sqspcdn.com/website-component-definition/static-assets/website.components.spacer/7df6d7cf-6aa5-489a-9783-580a0958a5eb_241/website.components.spacer.visitor.js]
[www.resilienceroutes.com/who-we-are.html]
[www.resilienceroutes.com/blog.html]
[www.resilienceroutes.com/content-marketing-services.html]
[images.squarespace-cdn.com/content/v1/64fce6ab35ce4611b9594588/3cb7fee7-23ea-4116-9d5f-28a95e9035a9/Asset+126f7.png]
[www.resilienceroutes.com/blog/backpacking-the-golden-city-aka-prague-on-a-budget.html]
[www.resilienceroutes.com/blog/how-you-can-prevent-backpacking-burnout-amp-stay-motivated-on-your-adventures.html]
[www.resilienceroutes.com/blog/wander-wisely-budget-friendly-adventures-in-budapest.html]
[images.squarespace-cdn.com/content/v1/52a74d9ae4b0253945d2aee9/1535394848185-CGDDU4QCIRSO4U1270H3/image-asset.jpg]
[www.resilienceroutes.com/index.html]
[assets.squarespace.com/universal/images-v6/damask/error-dark.png]
[assets.squarespace.com/universal/images-v6/damask/error-dark@2x.png]
[assets.squarespace.com/universal/images-v6/damask/play-button.png]
[assets.squarespace.com/universal/images-v6/damask/play-button@2x.png]
[assets.squarespace.com/universal/images-v6/damask/edit-aviary-light.png]
[assets.squarespace.com/universal/images-v6/damask/edit-aviary-light@2x.png]
[assets.squarespace.com/universal/images-v6/damask/edit-info-light.png]
[assets.squarespace.com/universal/images-v6/damask/edit-info-light@2x.png]
[static1.squarespace.com/static/ta/52a74d9ae4b0253945d2aee9/1054/scripts/site-bundle.js]
[assets.squarespace.com/universal/images-v6/damask/trash-9-light.png]
[assets.squarespace.com/universal/images-v6/damask/trash-9-light@2x.png]
[assets.squarespace.com/universal/images-v6/damask/trash-9-red.png]
[assets.squarespace.com/universal/images-v6/damask/trash-9-red@2x.png]
[assets.squarespace.com/universal/images-v6/damask/getty-16-light.png]
[assets.squarespace.com/universal/images-v6/damask/getty-32-light.png]
[assets.squarespace.com/universal/images-v6/damask/shopping-cart-16-light.png]
[assets.squarespace.com/universal/images-v6/damask/shopping-cart-32-light.png]
[assets.squarespace.com/universal/images-v6/icons/block-indicator-dark.png]
[assets.squarespace.com/universal/images-v6/icons/block-indicator-dark@2x.png]
[assets.squarespace.com/universal/images-v6/icons/opentable-icons.png]
[assets.squarespace.com/universal/images-v6/icons/icon-searchqueries-20-dark.png]
[assets.squarespace.com/universal/images-v6/icons/icon-searchqueries-20-light.png]
[assets.squarespace.com/universal/images-v6/icons/icon-video-24-light-solid.png]
[assets.squarespace.com/universal/images-v6/damask/image-inside-64-dark.png]
[assets.squarespace.com/universal/images-v6/damask/image-inside-128-dark.png]
[assets.squarespace.com/universal/images-v6/standard/icon_close_7_light.png]
[assets.squarespace.com/universal/images-v6/icons/icon-settings-16-light.png]
[static1.squarespace.com/static/sitecss/64fce6ab35ce4611b9594588/8/52a74dafe4b073a80cd253c5/64fce6ab35ce4611b9594590/1054/site.css]
[definitions.sqspcdn.com/website-component-definition/static-assets/website.components.spacer/7df6d7cf-6aa5-489a-9783-580a0958a5eb_241/website.components.spacer.styles.css]
[www.resilienceroutes.com/who-we-are.html]
[www.resilienceroutes.com/bloga409]
[www.resilienceroutes.com/blog18a2.html]
[www.resilienceroutes.com/blog/the-frugal-travelers-guide-to-budapest-must-see-sights-and-experiences.html]
[www.resilienceroutes.com/blog/cheap-thrills-in-vienna-top-picks-for-budget-savvy-travellers.html]
[www.resilienceroutes.com/blog/waltzing-in-vienna-from-palaces-to-prater-in-austrias-cultural-heart.html]
[www.resilienceroutes.com/blog/affording-munich-and-its-incredible-experiences.html]
[www.resilienceroutes.com/blog/gourmet-adventures-on-a-budget-insider-tips-on-dining-with-points.html]
[www.resilienceroutes.com/blog/unlock-free-flights-earn-miles-amp-points-faster-with-the-top-us-amp-canada-travel-credit-cards.html]
[www.resilienceroutes.com/blog/discover-munich-amp-its-rich-experiences-without-the-price-tag.html]
[www.resilienceroutes.com/blog.html]
[www.resilienceroutes.com/blogfd48.html]
[images.squarespace-cdn.com/content/v1/64fce6ab35ce4611b9594588/1495ca94-c0ee-485c-aa0a-ce16b976d5db/BORODA_Michael-LI+profile+pic+with+Resilience+Routes+BG+colour+(my+version).png]
[www.resilienceroutes.com/_https_/www.youtube.com/embed/rPwi-GUbMFI.446b6f.delayed]
[www.resilienceroutes.com/_https_/www.youtube.com/embed/rPwi-GUbMFI.45250f.delayed]
[www.resilienceroutes.com/content-marketing-services.html]
[images.squarespace-cdn.com/content/64fce6ab35ce4611b9594588/7351539b-a95e-4f3e-8588-9a1d88d78722/fredy-martinez-frd7WNzipdU-unsplash43a3.jpg]
[images.squarespace-cdn.com/content/v1/64fce6ab35ce4611b9594588/7351539b-a95e-4f3e-8588-9a1d88d78722/fredy-martinez-frd7WNzipdU-unsplash.jpg]
[images.squarespace-cdn.com/content/v1/64fce6ab35ce4611b9594588/c53b2564-d7fc-4263-88bb-5014d2997f71/raik-loesche-lD6b_wEEg_Y-unsplash.jpg]
[images.squarespace-cdn.com/content/v1/64fce6ab35ce4611b9594588/ad85dff1-8cb1-4288-8890-84aa1e6396c2/IMG_4463.jpg]
[images.squarespace-cdn.com/content/v1/64fce6ab35ce4611b9594588/eb4f8af3-1ddc-4f8a-9567-d562c241df51/IMG_4464.jpg]
[images.squarespace-cdn.com/content/v1/64fce6ab35ce4611b9594588/aab106b3-ee3a-499e-98c8-588d650d7593/IMG_4465.jpg]
[images.squarespace-cdn.com/content/v1/64fce6ab35ce4611b9594588/560c5713-2cce-4e11-8fdb-8a333da3ace8/IMG_4472.jpg]
[images.squarespace-cdn.com/content/v1/64fce6ab35ce4611b9594588/62710be3-c365-49cc-bd47-49aaeb1aaa8b/maksim-shutov-ghGyYXOzqGI-unsplash.jpg]
[images.squarespace-cdn.com/content/v1/64fce6ab35ce4611b9594588/22c29950-0cf8-45d7-ba2f-b46f26b89431/IMG_4563.jpg]
[images.squarespace-cdn.com/content/v1/64fce6ab35ce4611b9594588/cecd28f8-5ddd-418e-951d-7ee1817b9c0c/IMG_4478.jpg]
[images.squarespace-cdn.com/content/v1/64fce6ab35ce4611b9594588/49e28686-0898-45bd-9ad0-be4d423fef2b/IMG_4493.jpg]
[images.squarespace-cdn.com/content/v1/64fce6ab35ce4611b9594588/314a4c3e-683e-4b08-ab3e-2c4354615fa8/IMG_4491.jpg]
[images.squarespace-cdn.com/content/v1/64fce6ab35ce4611b9594588/76967b2f-9953-4a00-9b4b-d11922b86b40/IMG_4510.jpg]
[www.resilienceroutes.com/blog/backpacking-the-golden-city-aka-prague-on-a-budget.html]
[images.squarespace-cdn.com/content/64fce6ab35ce4611b9594588/659fa1fe-d673-4529-b40a-2af2df2d04cd/hikerwise-com-Fho4oV1_VQY-unsplash43a3.jpg]
[images.squarespace-cdn.com/content/v1/64fce6ab35ce4611b9594588/659fa1fe-d673-4529-b40a-2af2df2d04cd/hikerwise-com-Fho4oV1_VQY-unsplash.jpg]
[images.squarespace-cdn.com/content/v1/64fce6ab35ce4611b9594588/47354158-f242-43b2-b948-bcffb67e7926/kalegin-ffustAcaX0E-unsplash.jpg]
[images.squarespace-cdn.com/content/v1/64fce6ab35ce4611b9594588/24c7478f-3460-46b4-908f-6d3b69ff0439/glenn-carstens-peters-RLw-UC03Gwc-unsplash.jpg]
[images.squarespace-cdn.com/content/v1/64fce6ab35ce4611b9594588/35c81a85-3d13-4b70-8447-0f46400b0f39/chris-lawton-duQ1ulzTJbM-unsplash.jpg]
[images.squarespace-cdn.com/content/v1/64fce6ab35ce4611b9594588/52f83b40-9ea4-4515-a443-2355093fe0b8/robson-hatsukami-morgan-r8hw4Zs38zo-unsplash.jpg]
[www.resilienceroutes.com/blog/how-you-can-prevent-backpacking-burnout-amp-stay-motivated-on-your-adventures.html]
[images.squarespace-cdn.com/content/64fce6ab35ce4611b9594588/4ed0ca69-045c-400d-a9c1-63e75471006a/emma-fabbri-2TmsyZXMNTE-unsplash43a3.jpg]
[images.squarespace-cdn.com/content/v1/64fce6ab35ce4611b9594588/4ed0ca69-045c-400d-a9c1-63e75471006a/emma-fabbri-2TmsyZXMNTE-unsplash.jpg]
[images.squarespace-cdn.com/content/v1/64fce6ab35ce4611b9594588/2961601d-ef94-4d94-a1e3-39de2da5c936/linda-gerbec-_DikUgCRa90-unsplash.jpg]
[images.squarespace-cdn.com/content/v1/64fce6ab35ce4611b9594588/dfefa37c-e64f-4ef5-895c-e7f0e62d6814/nick-night-RrOtl3HSP80-unsplash.jpg]
[images.squarespace-cdn.com/content/v1/64fce6ab35ce4611b9594588/363028f5-74ad-4b4c-831f-1bae69d3095f/jacopo-maiarelli--gOUx23DNks-unsplash.jpg]
[www.resilienceroutes.com/blog/wander-wisely-budget-friendly-adventures-in-budapest.html]
[www.resilienceroutes.com/blog18a2.html]
[www.resilienceroutes.com/blog54d6.html]
[images.squarespace-cdn.com/content/64fce6ab35ce4611b9594588/0527fd27-0391-4235-8a52-b40ba8402d18/kate-kasiutich-qnUg1rdnUlk-unsplash43a3.jpg]
[images.squarespace-cdn.com/content/v1/64fce6ab35ce4611b9594588/0527fd27-0391-4235-8a52-b40ba8402d18/kate-kasiutich-qnUg1rdnUlk-unsplash.jpg]
[images.squarespace-cdn.com/content/v1/64fce6ab35ce4611b9594588/aabc9a07-b912-4bd6-a98e-4a8b044e57d7/IMG_3731.jpg]
[images.squarespace-cdn.com/content/v1/64fce6ab35ce4611b9594588/cce8e0fa-97a6-4db5-9584-35f451a431f9/elijah-g-x50LlGTx3NA-unsplash.jpg]
[images.squarespace-cdn.com/content/v1/64fce6ab35ce4611b9594588/abff11e1-662c-46e0-99e4-4d79799dea12/victor-malyushev-IrRGLe3lwVQ-unsplash.jpg]
[www.resilienceroutes.com/blog/the-frugal-travelers-guide-to-budapest-must-see-sights-and-experiences.html]
[images.squarespace-cdn.com/content/v1/64fce6ab35ce4611b9594588/13dc68f7-d1f9-467e-9fce-81810cba73ce/nemanja-ciric-dAkjqRNNHXQ-unsplash.jpg]
[images.squarespace-cdn.com/content/64fce6ab35ce4611b9594588/073db5ad-1c7a-4ee2-93e5-30fc47595471/leyre-x5icsOgc7Lw-unsplash43a3.jpg]
[images.squarespace-cdn.com/content/v1/64fce6ab35ce4611b9594588/073db5ad-1c7a-4ee2-93e5-30fc47595471/leyre-x5icsOgc7Lw-unsplash.jpg]
[images.squarespace-cdn.com/content/v1/64fce6ab35ce4611b9594588/9a2c59e1-7a07-4cc4-9b27-75c9e005f19e/manel-sean-0BMGbjMDuns-unsplash.jpg]
[images.squarespace-cdn.com/content/v1/64fce6ab35ce4611b9594588/673af05d-5350-40fc-a7e0-1467cefc6208/peter-amende-IYvr8jHpWAI-unsplash.jpg]
[images.squarespace-cdn.com/content/v1/64fce6ab35ce4611b9594588/ea7fd63e-3517-4cbc-b830-6db5c4e693b1/ttsujigiri-3ar2ioPQfaM-unsplash.jpg]
[images.squarespace-cdn.com/content/v1/64fce6ab35ce4611b9594588/9a5e1215-f3c7-4fa3-90f8-eb20999f986c/ttsujigiri-7excq9kx2io-unsplash.jpg]
[images.squarespace-cdn.com/content/v1/64fce6ab35ce4611b9594588/5b544514-2bc8-4fd1-880d-9983f4f94730/aneta-pawlik-FqccnXTke28-unsplash.jpg]
[www.resilienceroutes.com/blog/cheap-thrills-in-vienna-top-picks-for-budget-savvy-travellers.html]
[images.squarespace-cdn.com/content/64fce6ab35ce4611b9594588/0ce0b379-23d7-42af-9294-fce7040e1b2d/peter-oertel-mMQc9h390G8-unsplash43a3.jpg]
[images.squarespace-cdn.com/content/v1/64fce6ab35ce4611b9594588/0ce0b379-23d7-42af-9294-fce7040e1b2d/peter-oertel-mMQc9h390G8-unsplash.jpg]
[images.squarespace-cdn.com/content/v1/64fce6ab35ce4611b9594588/accc8be7-ceca-4e06-8934-6bc9284ade66/johannes-mandle-2IVBec4J9Gw-unsplash.jpg]
[images.squarespace-cdn.com/content/v1/64fce6ab35ce4611b9594588/a8c84d7c-1ced-48fc-9a49-3b88c989df99/rosy-ko-WrCsBz6xGGg-unsplash.jpg]
[images.squarespace-cdn.com/content/v1/64fce6ab35ce4611b9594588/9b27af0b-5220-4c69-ae9a-6461395320be/leonhard-niederwimmer-9mjZaMgNSZI-unsplash.jpg]
[images.squarespace-cdn.com/content/v1/64fce6ab35ce4611b9594588/add5f090-66a4-4150-8f3c-834a4cd3cc4a/mark-konig-MyfbM2QYF4o-unsplash.jpg]
[images.squarespace-cdn.com/content/v1/64fce6ab35ce4611b9594588/d945d9e7-d683-4d62-9631-2d7f41d96c55/allen-rad-VyHBlfvh2L4-unsplash.jpg]
[www.resilienceroutes.com/blog/waltzing-in-vienna-from-palaces-to-prater-in-austrias-cultural-heart.html]
[images.squarespace-cdn.com/content/64fce6ab35ce4611b9594588/2e49d666-460d-43c1-9772-204c37587deb/luis-fernando-felipe-alves-sskHWbE5c6E-unsplash43a3.jpg]
[images.squarespace-cdn.com/content/v1/64fce6ab35ce4611b9594588/2e49d666-460d-43c1-9772-204c37587deb/luis-fernando-felipe-alves-sskHWbE5c6E-unsplash.jpg]
[images.squarespace-cdn.com/content/v1/64fce6ab35ce4611b9594588/b8634e65-b094-4d88-bbee-f417f991622d/markus-spiske-VXHH4g75g4Q-unsplash.jpg]
[images.squarespace-cdn.com/content/v1/64fce6ab35ce4611b9594588/59973538-d834-48ee-917c-ef905ef7c2af/munich-2863539_1920.jpg]
[images.squarespace-cdn.com/content/v1/64fce6ab35ce4611b9594588/56b4c35c-cd26-44c9-a29c-e27035b6ddfd/victor-4F3WAzbEdow-unsplash.jpg]
[images.squarespace-cdn.com/content/v1/64fce6ab35ce4611b9594588/4d5d95a4-a44b-401b-9132-65b98ca6f831/ramona-GQOPKJ4tbdc-unsplash.jpg]
[www.resilienceroutes.com/blog/affording-munich-and-its-incredible-experiences.html]
[images.squarespace-cdn.com/content/64fce6ab35ce4611b9594588/392a2e9d-2dc3-47a1-a223-6574a68fc2b2/jay-wennington-N_Y88TWmGwA-unsplash43a3.jpg]
[images.squarespace-cdn.com/content/v1/64fce6ab35ce4611b9594588/392a2e9d-2dc3-47a1-a223-6574a68fc2b2/jay-wennington-N_Y88TWmGwA-unsplash.jpg]
[www.resilienceroutes.com/blog/neapolitan-adventures-thrills-spills-and-gelato-chills.html]
[images.squarespace-cdn.com/content/v1/64fce6ab35ce4611b9594588/6ec873d6-9de7-4d53-ae55-e17549d98e57/patrick-tomasso-nWvWBV0sv04-unsplash.jpg]
[images.squarespace-cdn.com/content/v1/64fce6ab35ce4611b9594588/89bbd1a0-d784-4003-94df-271e217c5f03/alev-takil-lw3Lqe2K7xc-unsplash.jpg]
[images.squarespace-cdn.com/content/v1/64fce6ab35ce4611b9594588/e1132573-7a86-4d11-900b-c335285ebe06/hanson-lu-FT2WwbS1LJQ-unsplash.jpg]
[www.resilienceroutes.com/blog/gourmet-adventures-on-a-budget-insider-tips-on-dining-with-points.html]
[images.squarespace-cdn.com/content/64fce6ab35ce4611b9594588/e9ac71da-0bce-4517-adbd-16cb9cf35169/simon-maage-C9dhUVP-o6w-unsplash43a3.jpg]
[images.squarespace-cdn.com/content/v1/64fce6ab35ce4611b9594588/e9ac71da-0bce-4517-adbd-16cb9cf35169/simon-maage-C9dhUVP-o6w-unsplash.jpg]
[www.resilienceroutes.com/blog/unlock-free-flights-earn-miles-amp-points-faster-with-the-top-us-amp-canada-travel-credit-cards.html]
[images.squarespace-cdn.com/content/64fce6ab35ce4611b9594588/c13954d0-72b5-498d-9ba5-889248ad781f/ian-kelsall-MEUvVqkU3QI-unsplash43a3.jpg]
[images.squarespace-cdn.com/content/v1/64fce6ab35ce4611b9594588/c13954d0-72b5-498d-9ba5-889248ad781f/ian-kelsall-MEUvVqkU3QI-unsplash.jpg]
[images.squarespace-cdn.com/content/v1/64fce6ab35ce4611b9594588/d1d4b182-c66f-4a66-97c1-ab7fe4f71cf5/lanju-fotografie-cvS-IDyGKTE-unsplash.jpg]
[images.squarespace-cdn.com/content/v1/64fce6ab35ce4611b9594588/84721dd7-4210-4fd8-81bc-8dfe4dd60795/wolfgang-troscher-nvkm0rfvfkA-unsplash.jpg]
[images.squarespace-cdn.com/content/v1/64fce6ab35ce4611b9594588/7533bf1e-e343-4e91-9f1f-ef6e580a14c9/ignacio-brosa-cT9EKPMDYPk-unsplash.jpg]
[images.squarespace-cdn.com/content/v1/64fce6ab35ce4611b9594588/73e19dd5-28df-458d-ad41-6bc2fa4aa7cf/luis-fernando-felipe-alves-Uy7DS3DpjTA-unsplash.jpg]
[www.resilienceroutes.com/blog/discover-munich-amp-its-rich-experiences-without-the-price-tag.html]
[www.resilienceroutes.com/blog/spellbound-in-lucerne-embracing-the-enchantment-of-switzerlands-gem.html]
[www.resilienceroutes.com/blog/swiss-bliss-amp-alpine-adventures-navigating-lucerne-without-breaking-the-bank.html]
[www.resilienceroutes.com/blog/hidden-gems-high-peaks-amp-lucernes-best-kept-secrets.html]
[www.resilienceroutes.com/blog/venice-vibes-budget-backpackers-guide-to-la-dolce-vita.html]
[www.resilienceroutes.com/blog/gondolas-gelato-amp-backpacking-tips-for-exploring-italys-jewel-of-the-adriatic.html]
[www.resilienceroutes.com/blog/frugal-finds-in-the-eternal-city-rome-budget-backpacking-tips.html]
[www.resilienceroutes.com/blog/adventure-assets-uncovering-the-ultimate-canadian-travel-cards-for-thrifty-explorers.html]
[www.resilienceroutes.com/blog/roaming-rome-budget-backpacking-like-a-boss.html]
[www.resilienceroutes.com/blog/sweet-surrender-indulging-in-florences-best-gelato-spots.html]
[www.resilienceroutes.com/blogc06f.html]
[www.resilienceroutes.com/blogfd48.html]
[www.resilienceroutes.com/_https_/www.youtube.com/embed/rPwi-GUbMFI6b6f.html]
[www.resilienceroutes.com/_https_/www.youtube.com/embed/rPwi-GUbMFI250f.html]
[www.resilienceroutes.com/blog87d3.html]
[www.resilienceroutes.com/blog42f6.html]
[www.resilienceroutes.com/blog54d6.html]
[www.resilienceroutes.com/blogd647.html]
[images.squarespace-cdn.com/content/64fce6ab35ce4611b9594588/f37d120f-a6d2-45b9-ae93-62c3aff02cca/danilo-d-agostino-NjhHTNPkEDQ-unsplash43a3.jpg]
[images.squarespace-cdn.com/content/v1/64fce6ab35ce4611b9594588/f37d120f-a6d2-45b9-ae93-62c3aff02cca/danilo-d-agostino-NjhHTNPkEDQ-unsplash.jpg]
[images.squarespace-cdn.com/content/v1/64fce6ab35ce4611b9594588/07bc944e-0d17-4f5e-8940-98e5a879d5b7/IMG_7714.jpg]
[www.resilienceroutes.com/blog/nine-must-have-navigation-apps-for-resilient-solo-budget-backpackers.html]
[images.squarespace-cdn.com/content/v1/64fce6ab35ce4611b9594588/fb5d7287-e0d3-420f-9172-2a92b3357df1/IMG_8387.jpg]
[images.squarespace-cdn.com/content/v1/64fce6ab35ce4611b9594588/08637898-c611-434b-88b1-051999e52d35/IMG_8621.jpg]
[images.squarespace-cdn.com/content/v1/64fce6ab35ce4611b9594588/f2fcfaec-d850-4b5c-a94a-b24d55798b5f/IMG_8759.jpg]
[images.squarespace-cdn.com/content/v1/64fce6ab35ce4611b9594588/839261aa-0a63-4965-9142-8ad075339944/gregory-smirnov-so2Gwedl1j0-unsplash.jpg]
[images.squarespace-cdn.com/content/v1/64fce6ab35ce4611b9594588/d65d6187-9477-48ae-908c-bc7ed9e6f50d/_m_v_-6v3b-b6ZOI4-unsplash.jpg]
[images.squarespace-cdn.com/content/v1/64fce6ab35ce4611b9594588/b273a35b-d68e-443f-b221-6b91f9a62ecf/IMG_7584.jpg]
[images.squarespace-cdn.com/content/v1/64fce6ab35ce4611b9594588/d9569129-8734-40b7-8abb-e1c6175759f1/IMG_9225.jpg]
[www.resilienceroutes.com/blog/florence-unplugged-budget-backpackers-handbook-to-tuscan-charm.html]
[images.squarespace-cdn.com/content/v1/64fce6ab35ce4611b9594588/5ea3f8c2-9c53-48d9-88d7-657b9fc4e358/IMG_9443.jpg]
[images.squarespace-cdn.com/content/v1/64fce6ab35ce4611b9594588/432c9033-cc76-4335-b7f2-35729eea6b72/danilo-d-agostino-iydivWPz1iY-unsplash.jpg]
[www.resilienceroutes.com/blog/neapolitan-adventures-thrills-spills-and-gelato-chills.html]
[images.squarespace-cdn.com/content/64fce6ab35ce4611b9594588/ccf828bb-17f9-46d6-8b57-ecd3eda81d64/IMG_286443a3.jpg]
[images.squarespace-cdn.com/content/v1/64fce6ab35ce4611b9594588/ccf828bb-17f9-46d6-8b57-ecd3eda81d64/IMG_2864.jpg]
[www.resilienceroutes.com/blog/backpacking-for-resilience-how-outdoor-adventures-boost-mental-and-physical-health.html]
[images.squarespace-cdn.com/content/v1/64fce6ab35ce4611b9594588/cb928f8a-edf6-435c-ab9e-f610f114fba6/anna-kolosyuk-D5nh6mCW52c-unsplash.jpg]
[images.squarespace-cdn.com/content/v1/64fce6ab35ce4611b9594588/e2570af5-1238-4999-8718-3204379f5e1f/aswathy-n-7cwb_Qtt9RM-unsplash.jpg]
[www.resilienceroutes.com/blog/spellbound-in-lucerne-embracing-the-enchantment-of-switzerlands-gem.html]
[images.squarespace-cdn.com/content/64fce6ab35ce4611b9594588/bb8c7031-cbc0-4ad2-b3b9-763d5d241695/IMG_223043a3.jpg]
[images.squarespace-cdn.com/content/v1/64fce6ab35ce4611b9594588/bb8c7031-cbc0-4ad2-b3b9-763d5d241695/IMG_2230.jpg]
[images.squarespace-cdn.com/content/v1/64fce6ab35ce4611b9594588/f6753118-0b2e-48b0-b9e1-361d593bba51/b-nw-HfoE1KlqyfU-unsplash.jpg]
[images.squarespace-cdn.com/content/v1/64fce6ab35ce4611b9594588/2789f25f-2c06-4aad-a98a-804801c8b367/IMG_2811.jpg]
[images.squarespace-cdn.com/content/v1/64fce6ab35ce4611b9594588/0ee74790-44b1-44f5-9915-7c380da6f93c/manuel-nageli-NsgsQjHA1mM-unsplash.jpg]
[www.resilienceroutes.com/blog/hidden-gems-high-peaks-amp-lucernes-best-kept-secrets.html]
[images.squarespace-cdn.com/content/64fce6ab35ce4611b9594588/ee579985-b4fe-431c-a994-3a7891f9b455/IMG_156443a3.jpg]
[images.squarespace-cdn.com/content/v1/64fce6ab35ce4611b9594588/ee579985-b4fe-431c-a994-3a7891f9b455/IMG_1564.jpg]
[images.squarespace-cdn.com/content/v1/64fce6ab35ce4611b9594588/e735bd74-86e5-4c82-9711-7e468b30241a/IMG_1591.jpg]
[images.squarespace-cdn.com/content/v1/64fce6ab35ce4611b9594588/fc0af0ae-b47b-4047-907f-5bc543900cee/IMG_1671.jpg]
[images.squarespace-cdn.com/content/v1/64fce6ab35ce4611b9594588/cc8722b6-637e-41e8-934b-4892452b4632/IMG_2002.jpg]
[images.squarespace-cdn.com/content/v1/64fce6ab35ce4611b9594588/6bc89642-e20a-428c-9647-681b07534199/IMG_1571.jpg]
[images.squarespace-cdn.com/content/v1/64fce6ab35ce4611b9594588/e7eaa1ea-6b24-44da-92b9-232543f51ab8/IMG_1606.jpg]
[images.squarespace-cdn.com/content/v1/64fce6ab35ce4611b9594588/b2c54e02-2caa-478d-982a-d1aef02c0dc6/IMG_1673.jpg]
[images.squarespace-cdn.com/content/v1/64fce6ab35ce4611b9594588/78d187bb-1d06-41e4-9f66-78667cd3b3dc/IMG_1675.jpg]
[images.squarespace-cdn.com/content/v1/64fce6ab35ce4611b9594588/9f59a393-4bb8-4be3-ad4e-70f0b04f6753/IMG_2575.jpg]
[images.squarespace-cdn.com/content/v1/64fce6ab35ce4611b9594588/39239965-8d3e-4bb5-b7f4-5ddf1f824f69/IMG_2431.jpg]
[images.squarespace-cdn.com/content/v1/64fce6ab35ce4611b9594588/b5a950db-c2f9-4f63-a40d-0b82b9470455/IMG_2504.jpg]
[images.squarespace-cdn.com/content/v1/64fce6ab35ce4611b9594588/567cf0f9-e310-45e1-9de8-6fbbdc8a21d1/IMG_2512.jpg]
[images.squarespace-cdn.com/content/v1/64fce6ab35ce4611b9594588/fd2249d3-4a27-459d-b368-f7af1f9675d4/IMG_2603.jpg]
[images.squarespace-cdn.com/content/v1/64fce6ab35ce4611b9594588/769bbf02-6c24-4d37-a486-2f629c341e85/IMG_2840.jpg]
[images.squarespace-cdn.com/content/v1/64fce6ab35ce4611b9594588/9a8050c3-2f6b-43ba-99de-5b8b1a5226cb/IMG_2963.jpg]
[images.squarespace-cdn.com/content/v1/64fce6ab35ce4611b9594588/c177416f-819a-485d-9f7d-fcf69f6cf311/IMG_2860.jpg]
[images.squarespace-cdn.com/content/v1/64fce6ab35ce4611b9594588/e79b3a78-f1cc-46d7-b8d9-78d95f8b8fff/IMG_2864.jpg]
[images.squarespace-cdn.com/content/v1/64fce6ab35ce4611b9594588/5aa673be-90bf-4c74-9740-d6fe37ede827/IMG_2874.jpg]
[images.squarespace-cdn.com/content/v1/64fce6ab35ce4611b9594588/b89241a8-e839-4ba6-9143-5f2ab8c7c98a/IMG_2270.jpg]
[images.squarespace-cdn.com/content/v1/64fce6ab35ce4611b9594588/aed6cd37-0e29-4e1e-9e46-82d8ceb674c7/IMG_2748.jpg]
[www.resilienceroutes.com/blog/swiss-bliss-amp-alpine-adventures-navigating-lucerne-without-breaking-the-bank.html]
[images.squarespace-cdn.com/content/64fce6ab35ce4611b9594588/92fc5323-d22b-4072-ad17-769b33271612/kalisa-veer-jKa5Hr7RMNI-unsplash43a3.jpg]
[images.squarespace-cdn.com/content/v1/64fce6ab35ce4611b9594588/92fc5323-d22b-4072-ad17-769b33271612/kalisa-veer-jKa5Hr7RMNI-unsplash.jpg]
[www.resilienceroutes.com/blog/paris-for-pennies-solo-backpackers-budget-bliss.html]
[images.squarespace-cdn.com/content/v1/64fce6ab35ce4611b9594588/682c333a-4a64-4ac5-940b-9b44b82c4396/anna-philine-bRROqscRrmg-unsplash.jpg]
[images.squarespace-cdn.com/content/v1/64fce6ab35ce4611b9594588/3814719b-f6f5-4c39-95d0-a6459e6b0d25/denys-barabanov-ac-6aAm5wh4-unsplash.jpg]
[images.squarespace-cdn.com/content/v1/64fce6ab35ce4611b9594588/16c73f1e-e3a8-457e-8f72-5fda81455aa2/rui-alves-vq2w4IhWmIk-unsplash.jpg]
[images.squarespace-cdn.com/content/v1/64fce6ab35ce4611b9594588/82b6805e-5177-4615-bf80-1e31567ac50a/dan-hadar-bf_6TRBvyJY-unsplash.jpg]
[www.resilienceroutes.com/blog/venice-vibes-budget-backpackers-guide-to-la-dolce-vita.html]
[images.squarespace-cdn.com/content/64fce6ab35ce4611b9594588/7e37eb04-4791-4ed3-ad63-3cf6e0e4a04f/alana-harris-mZQnvfPqg3o-unsplash43a3.jpg]
[images.squarespace-cdn.com/content/v1/64fce6ab35ce4611b9594588/7e37eb04-4791-4ed3-ad63-3cf6e0e4a04f/alana-harris-mZQnvfPqg3o-unsplash.jpg]
[images.squarespace-cdn.com/content/v1/64fce6ab35ce4611b9594588/4e72817f-fe04-4383-9190-0dd81fb4b67f/claudio-schwarz-bp3usZYy4VY-unsplash.jpg]
[images.squarespace-cdn.com/content/v1/64fce6ab35ce4611b9594588/4e25ffba-4dba-4bc6-a673-1fe73b53e7e3/federico-beccari-ryC3SVUeRgY-unsplash.jpg]
[images.squarespace-cdn.com/content/v1/64fce6ab35ce4611b9594588/1d07ab9a-84b5-4caf-ab14-4534c517c625/ricardo-gomez-angel-t2yh3mlISdQ-unsplash.jpg]
[images.squarespace-cdn.com/content/v1/64fce6ab35ce4611b9594588/ee5e4270-5bed-4e55-8471-85336eb148f8/damiano-baschiera-hFXZ5cNfkOk-unsplash.jpg]
[images.squarespace-cdn.com/content/v1/64fce6ab35ce4611b9594588/ac0fde59-cb90-4eaa-b0a2-91d4d9b91173/IMG_1246.jpg]
[images.squarespace-cdn.com/content/v1/64fce6ab35ce4611b9594588/9ff0c99a-fda6-40e4-a826-3cd5a4050d96/kit-suman-5mcnzeSHFvE-unsplash.jpg]
[images.squarespace-cdn.com/content/v1/64fce6ab35ce4611b9594588/84c3b8ac-2ad7-4664-bd9c-4f5e1eb01c98/liang-gao-r4YuSr9451k-unsplash.jpg]
[images.squarespace-cdn.com/content/v1/64fce6ab35ce4611b9594588/59f37494-d038-4e65-8392-049844d79ed3/kazuki-taira-tcMRUUZdV5g-unsplash.jpg]
[images.squarespace-cdn.com/content/v1/64fce6ab35ce4611b9594588/b5a05647-1bc1-482a-8396-f009ac840b8e/henrique-ferreira-RKsLQoSnuTc-unsplash.jpg]
[www.resilienceroutes.com/blog/gondolas-gelato-amp-backpacking-tips-for-exploring-italys-jewel-of-the-adriatic.html]
[images.squarespace-cdn.com/content/64fce6ab35ce4611b9594588/468e5ec8-e32e-4cab-8dcd-d2e5ad2503eb/calin-stan-E0Jzu7bi8wo-unsplash43a3.jpg]
[images.squarespace-cdn.com/content/v1/64fce6ab35ce4611b9594588/468e5ec8-e32e-4cab-8dcd-d2e5ad2503eb/calin-stan-E0Jzu7bi8wo-unsplash.jpg]
[images.squarespace-cdn.com/content/v1/64fce6ab35ce4611b9594588/0156a14e-293c-4bbe-8e6f-de31b6a821cd/gabriella-clare-marino-o5dBeMnuJUk-unsplash.jpg]
[images.squarespace-cdn.com/content/v1/64fce6ab35ce4611b9594588/0bc5fd74-1032-460b-b3af-ee6265d6152e/mike-chrisemer-Ed3rSGBYMuw-unsplash.jpg]
[images.squarespace-cdn.com/content/v1/64fce6ab35ce4611b9594588/30c82452-6ff2-4089-ab8c-805ac41aba5d/rome-3711667_1920.jpg]
[images.squarespace-cdn.com/content/v1/64fce6ab35ce4611b9594588/b4c53e2c-4899-4890-9e41-144a76ddc60e/Juriculum+Hill+Pic.jpg]
[images.squarespace-cdn.com/content/v1/64fce6ab35ce4611b9594588/e9866c85-e81e-474e-9b18-a013404c7d6b/Basilica_di_San_Clemente_al_Laterano_-_esterno.jpg]
[images.squarespace-cdn.com/content/v1/64fce6ab35ce4611b9594588/617d18f6-5225-47be-b11e-844b4dc1f773/pexels-alex-does-pictures-33201512-14064480.jpg]
[www.resilienceroutes.com/blog/frugal-finds-in-the-eternal-city-rome-budget-backpacking-tips.html]
[www.resilienceroutes.com/blog/paris-for-pennies-part-2-saving-euros-savoring-paris.html]
[images.squarespace-cdn.com/content/64fce6ab35ce4611b9594588/1b0403e0-8818-4c6d-9af9-51c6950da72c/rupixen-Q59HmzK38eQ-unsplash43a3.jpg]
[images.squarespace-cdn.com/content/v1/64fce6ab35ce4611b9594588/1b0403e0-8818-4c6d-9af9-51c6950da72c/rupixen-Q59HmzK38eQ-unsplash.jpg]
[images.squarespace-cdn.com/content/v1/64fce6ab35ce4611b9594588/e6d33a7e-d7d6-46f2-bd0e-fab36e74e761/claire-abdo-0gICDd3mAp4-unsplash.jpg]
[images.squarespace-cdn.com/content/v1/64fce6ab35ce4611b9594588/ddb98164-50f0-4657-8979-b3003e5b86e4/claire-abdo-sfXvD9MlMds-unsplash.jpg]
[images.squarespace-cdn.com/content/v1/64fce6ab35ce4611b9594588/dc26b574-89bf-4935-b69c-750066f5b991/markus-winkler-ahjzVINkuCs-unsplash.jpg]
[images.squarespace-cdn.com/content/v1/64fce6ab35ce4611b9594588/ed035a20-b351-41cc-bf2b-11fbb5e9b00f/markus-winkler-DJoG5GsXfMw-unsplash.jpg]
[www.resilienceroutes.com/blog/adventure-assets-uncovering-the-ultimate-canadian-travel-cards-for-thrifty-explorers.html]
[www.resilienceroutes.com/blog/six-backpacking-amp-travel-myths-debunked-difficult-truths-that-nobody-ever-tells-you-about-travel-that-are-important-to-hear.html]
[images.squarespace-cdn.com/content/64fce6ab35ce4611b9594588/bf37c899-a443-4b1e-8689-358b1e771565/marialaura-gionfriddo-TNLXhcSO67A-unsplash43a3.jpg]
[images.squarespace-cdn.com/content/v1/64fce6ab35ce4611b9594588/bf37c899-a443-4b1e-8689-358b1e771565/marialaura-gionfriddo-TNLXhcSO67A-unsplash.jpg]
[images.squarespace-cdn.com/content/v1/64fce6ab35ce4611b9594588/ccf99089-e853-46da-afd4-2a24bd6e3fcf/IMG_9692.jpg]
[images.squarespace-cdn.com/content/v1/64fce6ab35ce4611b9594588/28bdc831-1cbe-42b1-b025-26e974c5c156/IMG_0748.jpg]
[images.squarespace-cdn.com/content/v1/64fce6ab35ce4611b9594588/e92b54ef-9fdb-4976-9ea6-5815a9ebbe96/IMG_0647.jpg]
[images.squarespace-cdn.com/content/v1/64fce6ab35ce4611b9594588/8d828024-9fdf-445d-ba8e-959c28709ee9/IMG_0687.jpg]
[images.squarespace-cdn.com/content/v1/64fce6ab35ce4611b9594588/4274710b-5d0b-4300-b5a0-432d2c469584/IMG_0689.jpg]
[images.squarespace-cdn.com/content/v1/64fce6ab35ce4611b9594588/6d4a4b8f-d2ad-4997-b6f0-5b768fba3a4a/IMG_0709.jpg]
[images.squarespace-cdn.com/content/v1/64fce6ab35ce4611b9594588/d7e6e79a-493e-49d9-bbbc-878abf32e87e/IMG_0728.jpg]
[images.squarespace-cdn.com/content/v1/64fce6ab35ce4611b9594588/98d82078-98a6-49ed-9413-3f7375a1c137/IMG_0824.jpg]
[images.squarespace-cdn.com/content/v1/64fce6ab35ce4611b9594588/6ad91720-b6ff-460a-a50f-58d063b791a7/IMG_1099.jpg]
[images.squarespace-cdn.com/content/v1/64fce6ab35ce4611b9594588/b4dd7e45-c29f-4276-848d-ed2f4ec67c4c/IMG_1007.jpg]
[images.squarespace-cdn.com/content/v1/64fce6ab35ce4611b9594588/f8bd9f79-9b57-463e-9aa3-75ed0df19376/IMG_1003.jpg]
[images.squarespace-cdn.com/content/v1/64fce6ab35ce4611b9594588/4729dd5f-b1d4-4a4a-a519-88688ab1b541/IMG_1064.jpg]
[images.squarespace-cdn.com/content/v1/64fce6ab35ce4611b9594588/abd6a869-e901-41ac-9cb2-251f1caf2f51/IMG_0282.jpg]
[images.squarespace-cdn.com/content/v1/64fce6ab35ce4611b9594588/6e774b19-0004-47d1-989d-78427a1d190b/IMG_9750.jpg]
[images.squarespace-cdn.com/content/v1/64fce6ab35ce4611b9594588/ab5d47c5-fc6b-47a7-8f28-6df05a9c9b87/IMG_9751.jpg]
[images.squarespace-cdn.com/content/v1/64fce6ab35ce4611b9594588/5d954567-823c-4801-9f6e-5a6e3c835a2b/IMG_9757.jpg]
[images.squarespace-cdn.com/content/v1/64fce6ab35ce4611b9594588/f29b1b9a-5af7-43c2-baa3-ce7d2381d62e/IMG_9768.jpg]
[images.squarespace-cdn.com/content/v1/64fce6ab35ce4611b9594588/da9891fa-be8f-4627-9277-37547b8ec6dc/IMG_9812.jpg]
[images.squarespace-cdn.com/content/v1/64fce6ab35ce4611b9594588/43e0f213-a0ff-4e2a-a7fd-83ead0485e0a/IMG_9898.jpg]
[images.squarespace-cdn.com/content/v1/64fce6ab35ce4611b9594588/f01b077c-eafa-4122-8a03-f578fee248c3/IMG_0096.jpg]
[images.squarespace-cdn.com/content/v1/64fce6ab35ce4611b9594588/7cfc2eb3-979b-4e93-a16f-08b4aebd306c/IMG_9910.jpg]
[images.squarespace-cdn.com/content/v1/64fce6ab35ce4611b9594588/b0620e6e-2223-4b89-a648-c69dad0ad918/IMG_0120.jpg]
[images.squarespace-cdn.com/content/v1/64fce6ab35ce4611b9594588/79763bbb-5f76-460e-8aff-4575198474cf/IMG_0322.jpg]
[images.squarespace-cdn.com/content/v1/64fce6ab35ce4611b9594588/f1451a27-9632-4905-a5e1-a9e99ab09e64/IMG_0271.jpg]
[images.squarespace-cdn.com/content/v1/64fce6ab35ce4611b9594588/bd1eacf2-17f2-499e-bd9b-a6131993cb0c/IMG_0277.jpg]
[images.squarespace-cdn.com/content/v1/64fce6ab35ce4611b9594588/196ed5e8-71ba-4fcd-8adb-d7d242cd3e14/IMG_0283.jpg]
[images.squarespace-cdn.com/content/v1/64fce6ab35ce4611b9594588/30df9af5-a7b2-4c9e-8f91-6c7fbd5ce146/IMG_0312.jpg]
[images.squarespace-cdn.com/content/v1/64fce6ab35ce4611b9594588/fb5ec01d-25dc-42b7-a46a-7a669fc82b50/IMG_0395.jpg]
[images.squarespace-cdn.com/content/v1/64fce6ab35ce4611b9594588/66a422bc-bf2f-47b7-ab6d-d3976db2d798/IMG_0421.jpg]
[images.squarespace-cdn.com/content/v1/64fce6ab35ce4611b9594588/1d10e8d1-6b88-4ec0-af57-b223ba1761ad/IMG_0440.jpg]
[images.squarespace-cdn.com/content/v1/64fce6ab35ce4611b9594588/190fd9c5-0202-4116-a9bb-026d54f848d6/IMG_0474.jpg]
[images.squarespace-cdn.com/content/v1/64fce6ab35ce4611b9594588/35f2eda4-c3c5-452e-8b65-7350abf5db5f/IMG_1123.jpg]
[images.squarespace-cdn.com/content/v1/64fce6ab35ce4611b9594588/546127c3-b99b-4364-984b-158cd7f08253/IMG_1127.jpg]
[images.squarespace-cdn.com/content/v1/64fce6ab35ce4611b9594588/5e9fdad4-3084-4188-a3d4-57b6f92da403/IMG_1140.jpg]
[images.squarespace-cdn.com/content/v1/64fce6ab35ce4611b9594588/7d5e9d97-5698-4136-96c5-842d37d64d57/IMG_1133.jpg]
[images.squarespace-cdn.com/content/v1/64fce6ab35ce4611b9594588/6503495c-5877-413b-b48f-fc8fc14834a5/neil-cartwright-HqWY6w9j2k4-unsplash.jpg]
[www.resilienceroutes.com/blog/roaming-rome-budget-backpacking-like-a-boss.html]
[images.squarespace-cdn.com/content/64fce6ab35ce4611b9594588/4b937ab7-d1f4-4019-8a6c-42ac141ff2b6/mae-mu-X5u6snvBCf0-unsplash43a3.jpg]
[images.squarespace-cdn.com/content/v1/64fce6ab35ce4611b9594588/4b937ab7-d1f4-4019-8a6c-42ac141ff2b6/mae-mu-X5u6snvBCf0-unsplash.jpg]
[images.squarespace-cdn.com/content/v1/64fce6ab35ce4611b9594588/99a9e5e0-eed8-4422-928f-2e05f018c362/jojo-yuen-sharemyfoodd-fgO0qwjP0ec-unsplash.jpg]
[images.squarespace-cdn.com/content/v1/64fce6ab35ce4611b9594588/192c246c-9814-45d5-a3a3-811322a4fde7/alana-harris-g8gB5FKFAP4-unsplash.jpg]
[images.squarespace-cdn.com/content/v1/64fce6ab35ce4611b9594588/b5490372-b9fd-49e4-b15e-df3c5e57a30d/juliana-malta-PyKDp7mittw-unsplash.jpg]
[images.squarespace-cdn.com/content/v1/64fce6ab35ce4611b9594588/5914c10c-8c95-48ef-9276-dba847601bb0/IMG_1126.jpg]
[images.squarespace-cdn.com/content/v1/64fce6ab35ce4611b9594588/f7d9ea78-46ee-4fed-9986-9791a9e14845/IMG_1219.jpg]
[images.squarespace-cdn.com/content/v1/64fce6ab35ce4611b9594588/288c60e4-a633-4fc6-a1ea-447198035f2d/vanessa-R96AetbSKfw-unsplash.jpg]
[www.resilienceroutes.com/blog/sweet-surrender-indulging-in-florences-best-gelato-spots.html]
[www.resilienceroutes.com/blogc06f.html]
[www.resilienceroutes.com/blog/sun-sea-and-savings-backpacking-the-southern-coast-of-france.html]
[www.resilienceroutes.com/blog/solo-travel-photography-capturing-unforgettable-moments-on-the-road.html]
[www.resilienceroutes.com/blog/concrete-jungle-a-guys-journey-through-the-heart-of-barcelona.html]
[www.resilienceroutes.com/blog/beyond-the-brochure-a-mavericks-guide-to-budget-backpacking-in-barcelona.html]
[www.resilienceroutes.com/blog/six-things-that-backpacking-teaches-you-about-life.html]
[www.resilienceroutes.com/blog/master-the-art-of-solo-backpacking.html]
[www.resilienceroutes.com/blog/ephemeral-elegance-tales-of-madrids-historic-and-modern-charms.html]
[www.resilienceroutes.com/blog/solo-savers-unveiling-insights-into-madrids-budget-friendly-escapades.html]
[www.resilienceroutes.com/blog/economical-escapades-navigating-lisbons-landmarks-on-a-budget.html]
[www.resilienceroutes.com/blog0812.html]
[www.resilienceroutes.com/blog87d3.html]
[www.resilienceroutes.com/blog42f6.html]
[www.resilienceroutes.com/blog2e5c.html]
[www.resilienceroutes.com/blog719a.html]
[www.resilienceroutes.com/blogd647.html]
[www.resilienceroutes.com/blog1ab2.html]
[images.squarespace-cdn.com/content/64fce6ab35ce4611b9594588/a20517f7-3087-4bfe-9d4d-cc9784e2dbdf/tamas-tuzes-katai-rEn-AdBr3Ig-unsplash43a3.jpg]
[images.squarespace-cdn.com/content/v1/64fce6ab35ce4611b9594588/a20517f7-3087-4bfe-9d4d-cc9784e2dbdf/tamas-tuzes-katai-rEn-AdBr3Ig-unsplash.jpg]
[images.squarespace-cdn.com/content/v1/64fce6ab35ce4611b9594588/f236af91-c503-433f-a6f1-7e0e47cd1481/geojango-maps-Z8UgB80_46w-unsplash.jpg]
[images.squarespace-cdn.com/content/v1/64fce6ab35ce4611b9594588/f08bfb1b-65a5-48af-8c7d-f42048dc0682/geojango-maps-5-BG0pEoE_8-unsplash.jpg]
[images.squarespace-cdn.com/content/v1/64fce6ab35ce4611b9594588/5bc5ea4d-a028-4f43-aabc-47682d25178c/kathy-R7nSPG8edVI-unsplash.jpg]
[images.squarespace-cdn.com/content/v1/64fce6ab35ce4611b9594588/855d40b9-c48e-4e9f-9873-013446293de6/stephen-ellis-7X3ogvjbbZo-unsplash.jpg]
[images.squarespace-cdn.com/content/v1/64fce6ab35ce4611b9594588/7fa075d0-1ed3-4aad-a1e4-fc2db9014cc2/galen-crout-fItRJ7AHak8-unsplash.jpg]
[images.squarespace-cdn.com/content/v1/64fce6ab35ce4611b9594588/05856786-06ad-4160-9365-e12e04efd671/paul-pastourmatzis-nhFcSmJtAeo-unsplash.jpg]
[images.squarespace-cdn.com/content/v1/64fce6ab35ce4611b9594588/825d0220-19ea-43c5-a4bc-ad38cdf7b293/leio-mclaren-jEgQpfkHEWY-unsplash.jpg]
[images.squarespace-cdn.com/content/v1/64fce6ab35ce4611b9594588/058254c1-f83e-4484-9c62-33069ee2c22e/clay-knight-Rdut9-JPQuQ-unsplash.jpg]
[images.squarespace-cdn.com/content/v1/64fce6ab35ce4611b9594588/3c6805b8-142b-4039-b105-f593339087ed/alex-perez-R8Hco_-WcxQ-unsplash.jpg]
[www.resilienceroutes.com/blog/london-on-a-budget-a-resilient-backpackers-to-do-list-6-budget-friendly-attractions-to-visit.html]
[www.resilienceroutes.com/blog/nine-must-have-navigation-apps-for-resilient-solo-budget-backpackers.html]
[www.resilienceroutes.com/blog/navigating-travel-mishaps-turning-setbacks-into-stories-tales-of-travel-disasters-amp-how-they-taught-valuable-life-lessons.html]
[images.squarespace-cdn.com/content/64fce6ab35ce4611b9594588/3ef2c46e-a5da-4d72-aa4e-943d17735648/heidi-kaden-xWZa0GYCMbo-unsplash43a3.jpg]
[images.squarespace-cdn.com/content/v1/64fce6ab35ce4611b9594588/3ef2c46e-a5da-4d72-aa4e-943d17735648/heidi-kaden-xWZa0GYCMbo-unsplash.jpg]
[images.squarespace-cdn.com/content/v1/64fce6ab35ce4611b9594588/72f1030f-cf0b-4c3d-8b91-aacb8613a921/heidi-kaden-TJrorizZcPA-unsplash.jpg]
[images.squarespace-cdn.com/content/v1/64fce6ab35ce4611b9594588/cc05cf20-cdba-4f45-9287-3a167642b62e/IMG_5125.jpg]
[images.squarespace-cdn.com/content/v1/64fce6ab35ce4611b9594588/390ebf59-5435-4501-8fe0-2e2c7550a016/IMG_5183.jpg]
[images.squarespace-cdn.com/content/v1/64fce6ab35ce4611b9594588/6951dba6-115c-4275-80ad-79c73455aa2a/IMG_5266.jpg]
[images.squarespace-cdn.com/content/v1/64fce6ab35ce4611b9594588/4c7fe6c7-6370-4d59-a23d-71411aecad4d/IMG_5268.jpg]
[images.squarespace-cdn.com/content/v1/64fce6ab35ce4611b9594588/472e9cf2-1de9-4dc2-b77a-29e60407b7bf/IMG_5271.jpg]
[images.squarespace-cdn.com/content/v1/64fce6ab35ce4611b9594588/1a79d99a-55c2-41b6-a5ca-125deafd55ed/IMG_5279.jpg]
[images.squarespace-cdn.com/content/v1/64fce6ab35ce4611b9594588/07d26ba0-5124-4f10-b5d9-09585d818d2a/IMG_5284.jpg]
[images.squarespace-cdn.com/content/v1/64fce6ab35ce4611b9594588/12b1a81b-a3b5-4b74-a0c1-fe7b9df9227d/IMG_5310.jpg]
[images.squarespace-cdn.com/content/v1/64fce6ab35ce4611b9594588/238fec40-76ff-42d7-aeea-1781f8b9dd38/IMG_5664.jpg]
[images.squarespace-cdn.com/content/v1/64fce6ab35ce4611b9594588/c5dab41e-9768-48a7-8c52-04fb132b405e/IMG_5654.jpg]
[images.squarespace-cdn.com/content/v1/64fce6ab35ce4611b9594588/98516b09-8ff3-43a7-9702-9ee34507eafc/IMG_5678.jpg]
[images.squarespace-cdn.com/content/v1/64fce6ab35ce4611b9594588/e0ab1ea7-b4bb-402d-9f5d-fc6c2fa8accb/IMG_5686.jpg]
[images.squarespace-cdn.com/content/v1/64fce6ab35ce4611b9594588/fb31bfe0-1d59-4f48-b2c3-9e61fe0e371c/john-disandolo-R4PE6oRTbHE-unsplash.jpg]
[images.squarespace-cdn.com/content/v1/64fce6ab35ce4611b9594588/460bb1ba-ef2a-41d5-8bf5-996d962b47e4/IMG_5407.jpg]
[images.squarespace-cdn.com/content/v1/64fce6ab35ce4611b9594588/121b7ab8-fdc3-413a-8714-7016fbef6d52/IMG_4799.jpg]
[images.squarespace-cdn.com/content/v1/64fce6ab35ce4611b9594588/5cb7495b-a6e6-45c3-83fa-4aaf25095282/IMG_5395.jpg]
[images.squarespace-cdn.com/content/v1/64fce6ab35ce4611b9594588/9c97db67-cc5d-49f7-8a83-ee2adcecd429/IMG_5396.jpg]
[images.squarespace-cdn.com/content/v1/64fce6ab35ce4611b9594588/0373f50e-6f85-4cb4-b9b4-2c6078e52a7e/IMG_5697.jpg]
[images.squarespace-cdn.com/content/v1/64fce6ab35ce4611b9594588/cd6fde44-5380-497a-87ec-f908ad28719f/IMG_5404.jpg]
[images.squarespace-cdn.com/content/v1/64fce6ab35ce4611b9594588/784d3a49-20b5-441b-ba4a-d80d65f0ade0/IMG_4796.jpg]
[images.squarespace-cdn.com/content/v1/64fce6ab35ce4611b9594588/00792000-4ec9-4d5b-9089-3ea74bcaff8b/IMG_4800.jpg]
[images.squarespace-cdn.com/content/v1/64fce6ab35ce4611b9594588/3f04628e-b419-4f4d-8af7-17d5f53f7e01/IMG_4791.jpg]
[images.squarespace-cdn.com/content/v1/64fce6ab35ce4611b9594588/6b3a889f-1466-442c-a306-cd06133f31f7/matteo-lezzi-Ae-ZPRO-Bk4-unsplash.jpg]
[images.squarespace-cdn.com/content/v1/64fce6ab35ce4611b9594588/3e7f44e5-8860-4d2f-970e-8dd3a89d161c/IMG_5017.jpg]
[images.squarespace-cdn.com/content/v1/64fce6ab35ce4611b9594588/1e251e96-8e51-434e-ab22-b37e2f8cc5c1/IMG_5059.jpg]
[images.squarespace-cdn.com/content/v1/64fce6ab35ce4611b9594588/d6ad1795-220f-4c1a-9813-9acbbfe907ce/IMG_5146.jpg]
[images.squarespace-cdn.com/content/v1/64fce6ab35ce4611b9594588/b91988ce-699f-45b3-a7d0-af5119188668/IMG_5176.jpg]
[images.squarespace-cdn.com/content/v1/64fce6ab35ce4611b9594588/f1d1fb19-8fe3-4bec-9bfa-9051c0419fff/IMG_5177.jpg]
[images.squarespace-cdn.com/content/v1/64fce6ab35ce4611b9594588/60aba1ba-9c44-47a5-b859-0af029a3543a/IMG_5174.jpg]
[images.squarespace-cdn.com/content/v1/64fce6ab35ce4611b9594588/493cfb27-4589-4847-b6d3-2038bd8656c7/IMG_4774.jpg]
[images.squarespace-cdn.com/content/v1/64fce6ab35ce4611b9594588/c421a8dc-d8aa-4356-af17-ac3a47571ced/IMG_4661.jpg]
[images.squarespace-cdn.com/content/v1/64fce6ab35ce4611b9594588/db3007b3-6f02-4698-a119-376be7c68fba/IMG_4663.jpg]
[images.squarespace-cdn.com/content/v1/64fce6ab35ce4611b9594588/17f19183-407f-46aa-84eb-e1110afa73bd/IMG_5987.jpg]
[images.squarespace-cdn.com/content/v1/64fce6ab35ce4611b9594588/1c103e27-47ac-4b82-96c4-ddcfd349003a/IMG_6481.jpg]
[images.squarespace-cdn.com/content/v1/64fce6ab35ce4611b9594588/2932b6c6-d74b-403d-a16a-2ce3b8e567aa/IMG_6486.jpg]
[images.squarespace-cdn.com/content/v1/64fce6ab35ce4611b9594588/cdba1159-ff47-4669-991f-735cc049e0db/IMG_6494.jpg]
[images.squarespace-cdn.com/content/v1/64fce6ab35ce4611b9594588/2ee1e61d-56fa-4543-9b6c-cad1e4014482/IMG_6131.jpg]
[images.squarespace-cdn.com/content/v1/64fce6ab35ce4611b9594588/b9fad425-7252-4a61-aca8-c3ec5fd6d407/IMG_6442.jpg]
[images.squarespace-cdn.com/content/v1/64fce6ab35ce4611b9594588/f291bd47-1ace-4f02-b011-36e190afb07d/IMG_6440.jpg]
[images.squarespace-cdn.com/content/v1/64fce6ab35ce4611b9594588/0fcbe0e0-9507-4eec-8496-3eca5fb20c9f/IMG_6162.jpg]
[images.squarespace-cdn.com/content/v1/64fce6ab35ce4611b9594588/58b1464b-55ec-4c8b-9978-7eedfd87a6d8/IMG_6306.jpg]
[images.squarespace-cdn.com/content/v1/64fce6ab35ce4611b9594588/b2c6fba9-a9c8-4f3f-b820-055b94d24ebe/IMG_6315.jpg]
[images.squarespace-cdn.com/content/v1/64fce6ab35ce4611b9594588/d14cfe61-b680-43ff-87d9-856ccd9dc1f1/IMG_6334.jpg]
[images.squarespace-cdn.com/content/v1/64fce6ab35ce4611b9594588/23efe3b8-73bb-47e1-966f-364907463f4e/IMG_6337.jpg]
[images.squarespace-cdn.com/content/v1/64fce6ab35ce4611b9594588/054e519a-9a38-4b64-9290-0d717f7c7c42/IMG_6367.jpg]
[images.squarespace-cdn.com/content/v1/64fce6ab35ce4611b9594588/da1ef30d-4ec8-4459-9b93-57c1f0392ce8/IMG_6413.jpg]
[images.squarespace-cdn.com/content/v1/64fce6ab35ce4611b9594588/b66ad057-62de-4e33-8822-9c2348258589/IMG_6422.jpg]
[www.resilienceroutes.com/blog/florence-unplugged-budget-backpackers-handbook-to-tuscan-charm.html]
[images.squarespace-cdn.com/content/64fce6ab35ce4611b9594588/39941fa0-3398-47e3-8710-158057944379/louis-hansel-Agb8ljgXnaU-unsplash43a3.jpg]
[images.squarespace-cdn.com/content/v1/64fce6ab35ce4611b9594588/39941fa0-3398-47e3-8710-158057944379/louis-hansel-Agb8ljgXnaU-unsplash.jpg]
[images.squarespace-cdn.com/content/v1/64fce6ab35ce4611b9594588/3aeaeb97-b2fe-4a32-a143-ca0ed4505f2d/kelly-sikkema-1TLgfpPfDZA-unsplash.jpg]
[images.squarespace-cdn.com/content/v1/64fce6ab35ce4611b9594588/a3ef9205-24da-48d7-9579-c786c479a91d/IMG_2483.jpg]
[images.squarespace-cdn.com/content/v1/64fce6ab35ce4611b9594588/9b4d29d4-98fd-43de-a468-7d674e2d48fe/joel-jasmin-forestbird-znoL1m6MD_k-unsplash.jpg]
[images.squarespace-cdn.com/content/v1/64fce6ab35ce4611b9594588/eaef93b7-22b5-41c7-8e1b-91237f748ba9/IMG_2610.jpg]
[images.squarespace-cdn.com/content/v1/64fce6ab35ce4611b9594588/59aa97c9-bb8f-41e6-924b-5f45e2ffc4fa/emily-underworld-Ko3EMBFggok-unsplash.jpg]
[images.squarespace-cdn.com/content/v1/64fce6ab35ce4611b9594588/0f1fba5b-9be3-444f-9df1-9ae643291398/alex-shute-4lA1sDFr8Y8-unsplash.jpg]
[images.squarespace-cdn.com/content/v1/64fce6ab35ce4611b9594588/0758db51-2abc-4ff8-8eb2-5090ed4d585b/ian-stauffer-uftqFbfWGFY-unsplash.jpg]
[images.squarespace-cdn.com/content/v1/64fce6ab35ce4611b9594588/4266ebb2-1bea-46f5-806b-7218509d9dbd/IMG_3305.jpg]
[images.squarespace-cdn.com/content/v1/64fce6ab35ce4611b9594588/82c92fa2-457f-4860-816f-dee2ace4dae1/IMG_3306.jpg]
[images.squarespace-cdn.com/content/v1/64fce6ab35ce4611b9594588/a7eb0fdc-dd25-4919-b289-bca9d54ff5c2/IMG_3285.jpg]
[images.squarespace-cdn.com/content/v1/64fce6ab35ce4611b9594588/bb4e852e-8a75-4389-aab5-639c9401b1e8/jen-p-FoG8lotg7AA-unsplash.jpg]
[images.squarespace-cdn.com/content/v1/64fce6ab35ce4611b9594588/36339985-dc4b-4912-900c-c234075da1f4/jr-korpa-6dN9l-gopyo-unsplash.jpg]
[images.squarespace-cdn.com/content/v1/64fce6ab35ce4611b9594588/c469c900-d4e2-427b-bf9d-a06e0e413686/IMG_9889.jpg]
[images.squarespace-cdn.com/content/v1/64fce6ab35ce4611b9594588/7d74642a-e10e-4c75-9de1-4c5583e64786/IMG_9897.jpg]
[images.squarespace-cdn.com/content/v1/64fce6ab35ce4611b9594588/316c1521-e65e-497d-88c5-bb29ea3e5ed7/IMG_9949.jpg]
[images.squarespace-cdn.com/content/v1/64fce6ab35ce4611b9594588/4ee4cf2a-548d-4a05-8655-264e31c08e9e/diogo-tavares-rcngqAAfYK0-unsplash.jpg]
[images.squarespace-cdn.com/content/v1/64fce6ab35ce4611b9594588/1d6b007d-629a-4136-a7d8-df2f9c3789e6/yevhenii-aihubov-1Flz9tKMKiw-unsplash.jpg]
[images.squarespace-cdn.com/content/v1/64fce6ab35ce4611b9594588/22a1fb21-aee4-4faf-bc17-b250068d94a1/michele-blackwell-przZDqzZKpk-unsplash.jpg]
[www.resilienceroutes.com/blog/london-on-a-budget-part-2-penny-pinching-in-the-uk.html]
[www.resilienceroutes.com/blog/backpacking-for-resilience-how-outdoor-adventures-boost-mental-and-physical-health.html]
[www.resilienceroutes.com/blog/exploring-the-uncharted-navigating-off-the-beaten-path-terrain-for-solo-budget-backpackers.html]
[images.squarespace-cdn.com/content/64fce6ab35ce4611b9594588/37bb8c26-2f6f-46d3-854f-896de8fe433a/thibault-penin-zj_zOAaT8as-unsplash43a3.jpg]
[images.squarespace-cdn.com/content/v1/64fce6ab35ce4611b9594588/37bb8c26-2f6f-46d3-854f-896de8fe433a/thibault-penin-zj_zOAaT8as-unsplash.jpg]
[images.squarespace-cdn.com/content/v1/64fce6ab35ce4611b9594588/0da6ac08-72f2-4dc1-898b-4d65cf47a761/IMG_8652.jpg]
[images.squarespace-cdn.com/content/v1/64fce6ab35ce4611b9594588/7cc78627-5c6b-41cc-9dc5-45d9b4f30e5b/IMG_8655.jpg]
[images.squarespace-cdn.com/content/v1/64fce6ab35ce4611b9594588/0b12b5f5-923c-4225-9033-5ad6885462b3/IMG_8657.jpg]
[images.squarespace-cdn.com/content/v1/64fce6ab35ce4611b9594588/bf8b9377-2056-46c0-bfa0-fd6839e51bf9/IMG_8658.jpg]
[images.squarespace-cdn.com/content/v1/64fce6ab35ce4611b9594588/35b048ea-3c50-4666-b776-d81d7bf1a8b3/IMG_8661.jpg]
[images.squarespace-cdn.com/content/v1/64fce6ab35ce4611b9594588/86e3219d-9d5f-43bd-93ed-32f908d8568c/IMG_8668.jpg]
[images.squarespace-cdn.com/content/v1/64fce6ab35ce4611b9594588/7912c826-6a91-4d55-a691-53a064d9f9c5/IMG_8669.jpg]
[images.squarespace-cdn.com/content/v1/64fce6ab35ce4611b9594588/75e1dcdc-1f96-4cfc-adae-044a8eec060a/IMG_8664.jpg]
[images.squarespace-cdn.com/content/v1/64fce6ab35ce4611b9594588/0bf48433-31a0-4d54-9bc7-e16c3ee0b294/IMG_8662.jpg]
[images.squarespace-cdn.com/content/v1/64fce6ab35ce4611b9594588/dfe8950a-f152-454a-96ea-528821d5a891/IMG_8673.jpg]
[images.squarespace-cdn.com/content/v1/64fce6ab35ce4611b9594588/108eec2e-098f-47e2-9802-b5e4f036e97b/IMG_8678.jpg]
[images.squarespace-cdn.com/content/v1/64fce6ab35ce4611b9594588/e19dc495-ed04-40c9-8458-2c06be3e4ee6/IMG_8686.jpg]
[images.squarespace-cdn.com/content/v1/64fce6ab35ce4611b9594588/bc7e4b85-bf8e-4a5d-9bd9-cf43e2edb558/il-vagabiondo-8eNt0CQamB0-unsplash.jpg]
[images.squarespace-cdn.com/content/v1/64fce6ab35ce4611b9594588/f2c05d13-d261-463a-9537-56b377e4d8a3/IMG_5609.jpg]
[images.squarespace-cdn.com/content/v1/64fce6ab35ce4611b9594588/a0609da7-3661-46fa-b843-df40a96be4c7/elena-jiang-HfvFoP7vL0o-unsplash.jpg]
[images.squarespace-cdn.com/content/v1/64fce6ab35ce4611b9594588/3c622cd3-60f8-44d8-94ab-90f56627d8ef/mateus-jud-tupQupYD6Q8-unsplash.jpg]
[images.squarespace-cdn.com/content/v1/64fce6ab35ce4611b9594588/372c7a4e-e1c4-4c12-898c-2d4dbfa0c428/IMG_5979.jpg]
[images.squarespace-cdn.com/content/v1/64fce6ab35ce4611b9594588/8c1aaeae-856c-43d9-89dd-57bc97140a84/IMG_5980.jpg]
[images.squarespace-cdn.com/content/v1/64fce6ab35ce4611b9594588/38e991ee-f24e-416e-a9d3-90fbb011a10b/IMG_5982.jpg]
[images.squarespace-cdn.com/content/v1/64fce6ab35ce4611b9594588/328566bc-d328-4685-bfc9-bdab26a77464/IMG_5984.jpg]
[images.squarespace-cdn.com/content/v1/64fce6ab35ce4611b9594588/3298cd0d-72fc-4fb8-9199-433527bc4654/IMG_5988.jpg]
[images.squarespace-cdn.com/content/v1/64fce6ab35ce4611b9594588/405de964-9946-43fc-ba8a-f09e60ca2ac5/IMG_5991.jpg]
[images.squarespace-cdn.com/content/v1/64fce6ab35ce4611b9594588/b38d40e7-ef45-428a-9d1b-66d194b3ff36/artiom-vallat-tcVFn_TwR-M-unsplash.jpg]
[images.squarespace-cdn.com/content/v1/64fce6ab35ce4611b9594588/08101a8e-6006-4d6f-9e93-cb5ced87c7f2/william-olivieri-YZuT_jwCEaw-unsplash.jpg]
[images.squarespace-cdn.com/content/v1/64fce6ab35ce4611b9594588/40f9ddb0-e292-4cf4-8471-5016762d98d0/IMG_6408.jpg]
[images.squarespace-cdn.com/content/v1/64fce6ab35ce4611b9594588/857d9596-ddd4-4577-9e4c-027ca5a5542d/IMG_6574.jpg]
[images.squarespace-cdn.com/content/v1/64fce6ab35ce4611b9594588/bc857eff-3df5-41b8-b9bb-2ba51c98963d/robin-ooode--0uO0rPuv5U-unsplash.jpg]
[images.squarespace-cdn.com/content/v1/64fce6ab35ce4611b9594588/7aabd93f-9e9d-477f-8f11-bebad59da83e/IMG_5244.jpg]
[images.squarespace-cdn.com/content/v1/64fce6ab35ce4611b9594588/a917db30-5610-4e77-ae45-04719a4cab02/IMG_5248.jpg]
[images.squarespace-cdn.com/content/v1/64fce6ab35ce4611b9594588/130d0fc3-d5d0-49b4-b32a-c6d2fa0313a6/IMG_5264.jpg]
[images.squarespace-cdn.com/content/v1/64fce6ab35ce4611b9594588/aa034a03-da55-4a99-a975-bef9232855d4/dim-7-BgVwPAj7JFM-unsplash.jpg]
[images.squarespace-cdn.com/content/v1/64fce6ab35ce4611b9594588/91f1f471-8d08-4f58-ad02-1f43966d9ed4/rames-quinerie-1wAX8IMg8tY-unsplash.jpg]
[images.squarespace-cdn.com/content/v1/64fce6ab35ce4611b9594588/aa4bf7be-b071-4525-9bfe-a4f9d902ac56/yannis-sommera-GZNHHBmEX7U-unsplash.jpg]
[images.squarespace-cdn.com/content/v1/64fce6ab35ce4611b9594588/bb864fc3-dcc8-464c-9b2c-05f93a5a21c1/diliara-garifullina-J9lVh479cKs-unsplash.jpg]
[images.squarespace-cdn.com/content/v1/64fce6ab35ce4611b9594588/573eec90-1705-4b55-8d05-54459dd99154/IMG_6011.jpg]
[images.squarespace-cdn.com/content/v1/64fce6ab35ce4611b9594588/ec3b84df-7d9a-4b97-9cfd-faeb42e32734/IMG_6012.jpg]
[images.squarespace-cdn.com/content/v1/64fce6ab35ce4611b9594588/c560d7e1-f1ce-41e7-af0e-ba66933ddedb/IMG_6015.jpg]
[images.squarespace-cdn.com/content/v1/64fce6ab35ce4611b9594588/101c839d-03fe-4aae-9621-477571cf76ec/IMG_5973.jpg]
[images.squarespace-cdn.com/content/v1/64fce6ab35ce4611b9594588/0176bacd-1ad0-406e-8f0c-948214ffb9a3/IMG_8996.jpg]
[images.squarespace-cdn.com/content/v1/64fce6ab35ce4611b9594588/c18fa9a6-a723-44cc-81b9-346cc352e409/IMG_8999.jpg]
[images.squarespace-cdn.com/content/v1/64fce6ab35ce4611b9594588/80ff47a0-c4da-459f-98c3-405d16f5805a/IMG_5285.jpg]
[images.squarespace-cdn.com/content/v1/64fce6ab35ce4611b9594588/6ad00dfd-74d6-4d22-837f-d4e24ba0679f/leonard-cotte-R5scocnOOdM-unsplash.jpg]
[www.resilienceroutes.com/blog/paris-for-pennies-solo-backpackers-budget-bliss.html]
[images.squarespace-cdn.com/content/64fce6ab35ce4611b9594588/98c85123-981d-4f77-9a43-66a3cd3f1032/giuseppe-mondi-dTDLVlVDic4-unsplash43a3.jpg]
[images.squarespace-cdn.com/content/v1/64fce6ab35ce4611b9594588/98c85123-981d-4f77-9a43-66a3cd3f1032/giuseppe-mondi-dTDLVlVDic4-unsplash.jpg]
[images.squarespace-cdn.com/content/v1/64fce6ab35ce4611b9594588/c175f63f-0c24-4b04-abc6-c963a65dda40/vince-duque-p9aZ-ur-KKQ-unsplash.jpg]
[images.squarespace-cdn.com/content/v1/64fce6ab35ce4611b9594588/af7e79c9-9408-4be3-ba9b-12b809cc4646/meizhi-lang-aqFO4OX-VQ0-unsplash.jpg]
[images.squarespace-cdn.com/content/v1/64fce6ab35ce4611b9594588/e4f906f5-1a2f-4ded-849c-a63d9ecfaa1b/gilles-detot-VQ-qj1DksQY-unsplash.jpg]
[images.squarespace-cdn.com/content/v1/64fce6ab35ce4611b9594588/6158c3dc-d848-4962-bd20-52ff35bbf6fc/paris-photographer-fevrier-photography-_Lt4V91GT7I-unsplash.jpg]
[images.squarespace-cdn.com/content/v1/64fce6ab35ce4611b9594588/e98b233d-df89-44e5-b3da-1ded2e16fc72/ozgur-kara-nOazvDB3t1M-unsplash.jpg]
[images.squarespace-cdn.com/content/v1/64fce6ab35ce4611b9594588/47179cc1-2a00-45f6-96f1-dc0bffe1c80c/cali-brutz-jMdDbo7Hgi0-unsplash.jpg]
[images.squarespace-cdn.com/content/v1/64fce6ab35ce4611b9594588/ddebdd5c-6ed1-4364-95d2-bbadac14bab3/larry-rw-apy-3LeNN3g-unsplash.jpg]
[images.squarespace-cdn.com/content/v1/64fce6ab35ce4611b9594588/628c7dac-821a-4c05-965a-932a51dbdb0f/lukas-zischke--I_RPyaxAGc-unsplash.jpg]
[images.squarespace-cdn.com/content/v1/64fce6ab35ce4611b9594588/6415b21b-8ace-4800-8461-9dd3946db053/j-shim-NDOjQekX4Rc-unsplash.jpg]
[images.squarespace-cdn.com/content/v1/64fce6ab35ce4611b9594588/91230752-71e4-4980-90f4-c5045d62acaa/florian-olivo-_F2HOc1Skk8-unsplash.jpg]
[images.squarespace-cdn.com/content/v1/64fce6ab35ce4611b9594588/35bd45f3-be85-4bc2-8451-89ec068b37d2/agence-olloweb-9wYdW55NbnY-unsplash.jpg]
[images.squarespace-cdn.com/content/v1/64fce6ab35ce4611b9594588/a2318946-0d24-41f5-a6ca-6623aa8b4e5a/IMG_7190.jpg]
[images.squarespace-cdn.com/content/v1/64fce6ab35ce4611b9594588/73d6fdd2-1ee2-44e0-9ed5-aa28d612225a/IMG_6665.jpg]
[images.squarespace-cdn.com/content/v1/64fce6ab35ce4611b9594588/0fc82135-feac-4edf-aa90-b8f904a5a8e7/IMG_6645.jpg]
[images.squarespace-cdn.com/content/v1/64fce6ab35ce4611b9594588/c72f29a0-c8bb-460e-9406-036e2568aa10/IMG_6644.jpg]
[images.squarespace-cdn.com/content/v1/64fce6ab35ce4611b9594588/89e4fd1f-480b-4c9d-bb57-4414b2fe309f/IMG_8583.jpg]
[images.squarespace-cdn.com/content/v1/64fce6ab35ce4611b9594588/7b7a698b-70dd-4381-a9de-7575e99889ee/IMG_7370.jpg]
[images.squarespace-cdn.com/content/v1/64fce6ab35ce4611b9594588/9fc652cc-5795-45ac-9747-cf17403e6b9b/IMG_7238.jpg]
[images.squarespace-cdn.com/content/v1/64fce6ab35ce4611b9594588/dd3c4e21-f523-45fb-bb7c-b5e7008d9f97/IMG_7454.jpg]
[images.squarespace-cdn.com/content/v1/64fce6ab35ce4611b9594588/67821026-87e5-4877-aaf3-4242da191965/IMG_6982.jpg]
[images.squarespace-cdn.com/content/v1/64fce6ab35ce4611b9594588/1bdc9315-a86b-4160-9fe7-d48bf3c37109/IMG_6853.jpg]
[images.squarespace-cdn.com/content/v1/64fce6ab35ce4611b9594588/4ccd571c-e9fd-4645-a284-04eb63c14ea6/IMG_7156.jpg]
[images.squarespace-cdn.com/content/v1/64fce6ab35ce4611b9594588/0abc42e1-088b-4b6d-9d19-f44f74c64892/IMG_7934.jpg]
[images.squarespace-cdn.com/content/v1/64fce6ab35ce4611b9594588/fbe9cad8-fcdf-4f25-bd0b-cc563068f10a/IMG_7999.jpg]
[images.squarespace-cdn.com/content/v1/64fce6ab35ce4611b9594588/1205192d-50a5-4eeb-9b5d-7bb1a9b98f58/IMG_8206.jpg]
[images.squarespace-cdn.com/content/v1/64fce6ab35ce4611b9594588/be2ac265-7404-4bf4-8ccf-79e524664df8/IMG_8208.jpg]
[images.squarespace-cdn.com/content/v1/64fce6ab35ce4611b9594588/594c81a0-8e0f-42a3-adfe-8c41740b50d9/IMG_8212.jpg]
[images.squarespace-cdn.com/content/v1/64fce6ab35ce4611b9594588/a71edbe4-80f0-4bea-94e8-0337d2d52592/IMG_8231.jpg]
[images.squarespace-cdn.com/content/v1/64fce6ab35ce4611b9594588/18483478-dc90-494b-b23b-ec686f285842/IMG_8268.jpg]
[images.squarespace-cdn.com/content/v1/64fce6ab35ce4611b9594588/476401d4-1310-4513-aeba-b88c67cc9a49/IMG_8333.jpg]
[images.squarespace-cdn.com/content/v1/64fce6ab35ce4611b9594588/1f04c3c8-06b3-42f6-87bf-88583d104247/IMG_8362.jpg]
[images.squarespace-cdn.com/content/v1/64fce6ab35ce4611b9594588/815a1dc4-96fd-434f-ba31-1d326aaaef83/IMG_8403.jpg]
[images.squarespace-cdn.com/content/v1/64fce6ab35ce4611b9594588/498d1e50-005f-4768-b206-c6878d237369/alice-donovan-rouse-9MzCd76xLGk-unsplash.jpg]
[images.squarespace-cdn.com/content/v1/64fce6ab35ce4611b9594588/1c2bf1e1-e6aa-4932-a7c3-2cc9df2cdb8f/linda-gerbec-c8CXbtMvIB8-unsplash.jpg]
[www.resilienceroutes.com/blog/paris-for-pennies-part-2-saving-euros-savoring-paris.html]
[www.resilienceroutes.com/blog/budget-nomads-building-relationships-in-the-world-of-solo-travel.html]
[images.squarespace-cdn.com/content/64fce6ab35ce4611b9594588/e22b0dad-b739-4e7b-bcdb-b61876768938/mantas-hesthaven-_g1WdcKcV3w-unsplash43a3.jpg]
[images.squarespace-cdn.com/content/v1/64fce6ab35ce4611b9594588/e22b0dad-b739-4e7b-bcdb-b61876768938/mantas-hesthaven-_g1WdcKcV3w-unsplash.jpg]
[images.squarespace-cdn.com/content/v1/64fce6ab35ce4611b9594588/31e4d91c-60fc-415e-83d5-4a492779478c/roman-melnychuk-zmNBVKgkW1c-unsplash.jpg]
[images.squarespace-cdn.com/content/v1/64fce6ab35ce4611b9594588/f9940836-f6e6-48b1-963e-13494c8f9d4e/karla-hernandez-LrlyZzX6Sws-unsplash.jpg]
[images.squarespace-cdn.com/content/v1/64fce6ab35ce4611b9594588/9897ba93-3187-4f98-aa72-812657ce0e50/ashley-jurius-1ZvFTjgEodk-unsplash.jpg]
[images.squarespace-cdn.com/content/v1/64fce6ab35ce4611b9594588/a5cbf322-41eb-46e4-8042-4e9666304441/holden-baxter-XkheksZnNT4-unsplash.jpg]
[images.squarespace-cdn.com/content/v1/64fce6ab35ce4611b9594588/4bb7b80a-da0a-419f-a731-d48d23ba1411/allef-vinicius-fJTqyZMOh18-unsplash.jpg]
[images.squarespace-cdn.com/content/v1/64fce6ab35ce4611b9594588/5235cc44-5d31-439d-a08c-10d18d0e28ae/eduardo-flores-1akqr5QBNTw-unsplash.jpg]
[images.squarespace-cdn.com/content/v1/64fce6ab35ce4611b9594588/2174edb1-fada-4680-8972-a66141e053a3/james-lee-Jgf19RffQhk-unsplash.jpg]
[www.resilienceroutes.com/blog/six-backpacking-amp-travel-myths-debunked-difficult-truths-that-nobody-ever-tells-you-about-travel-that-are-important-to-hear.html]
[images.squarespace-cdn.com/content/64fce6ab35ce4611b9594588/bd6f5212-dafe-4ce9-a73d-6c6940a3d2c2/antoine-rakotozafy-xVnWSnRZIZ4-unsplash43a3.jpg]
[images.squarespace-cdn.com/content/v1/64fce6ab35ce4611b9594588/bd6f5212-dafe-4ce9-a73d-6c6940a3d2c2/antoine-rakotozafy-xVnWSnRZIZ4-unsplash.jpg]
[images.squarespace-cdn.com/content/v1/64fce6ab35ce4611b9594588/3a360249-6c66-4ccc-8209-b69cdab3d0c2/v2f-5x2-O3NZcDQ-unsplash.jpg]
[images.squarespace-cdn.com/content/v1/64fce6ab35ce4611b9594588/4c8a9945-c059-4075-94ea-c8585d4cbfdc/IMG_4290.jpg]
[images.squarespace-cdn.com/content/v1/64fce6ab35ce4611b9594588/25e859b2-1070-4292-8052-7c793f405cd7/IMG_4292.jpg]
[images.squarespace-cdn.com/content/v1/64fce6ab35ce4611b9594588/7befc3a7-7a04-4e48-b9d9-f99ba8cd0bc4/jovan-vasiljevic-kKfIVHp1gKs-unsplash.jpg]
[images.squarespace-cdn.com/content/v1/64fce6ab35ce4611b9594588/2ef83f1a-d792-4b7d-878b-1f09db326292/jennifer-griffin-J-EuyxIUkmM-unsplash.jpg]
[images.squarespace-cdn.com/content/v1/64fce6ab35ce4611b9594588/c25f2aab-52fb-4d21-b137-5bd82df562d5/jim-thirion-5wSTD4OwPFo-unsplash.jpg]
[images.squarespace-cdn.com/content/v1/64fce6ab35ce4611b9594588/1b5315e0-bc54-49eb-a7d3-e50ae52025e0/arno-smit-lndaG6uN1yw-unsplash.jpg]
[images.squarespace-cdn.com/content/v1/64fce6ab35ce4611b9594588/fda47835-cd36-4e6f-acc0-63eb07319ca8/diane-picchiottino-45s4OKzoQys-unsplash.jpg]
[images.squarespace-cdn.com/content/v1/64fce6ab35ce4611b9594588/ba84b424-917a-4e17-9baf-20b4b053c2d8/ellena-mcguinness-r7-OuyDPCRY-unsplash.jpg]
[images.squarespace-cdn.com/content/v1/64fce6ab35ce4611b9594588/85a76f0e-51fc-453a-80ad-d3bfecce8843/kate-banar-_I0Yu1JZnMk-unsplash.jpg]
[images.squarespace-cdn.com/content/v1/64fce6ab35ce4611b9594588/743c5e5d-9f43-4155-aa6b-20130ea2f1e5/IMG_4218.jpg]
[images.squarespace-cdn.com/content/v1/64fce6ab35ce4611b9594588/0893b365-bd28-4f1c-bbc5-279a00e1d9f8/zhifei-zhou-XO4A1pWBEbE-unsplash.jpg]
[images.squarespace-cdn.com/content/v1/64fce6ab35ce4611b9594588/ce4688ac-4477-49e0-979d-c646a8686c65/IMG_4258.jpg]
[images.squarespace-cdn.com/content/v1/64fce6ab35ce4611b9594588/c2dad9e2-73aa-47d5-a5e0-5e7667488191/IMG_4271.jpg]
[images.squarespace-cdn.com/content/v1/64fce6ab35ce4611b9594588/da5985aa-51eb-488f-82ee-c543774c1841/IMG_4220.jpg]
[images.squarespace-cdn.com/content/v1/64fce6ab35ce4611b9594588/b4dee350-ca04-4c29-8eb7-776e3f7974e8/IMG_4330.jpg]
[images.squarespace-cdn.com/content/v1/64fce6ab35ce4611b9594588/5ac67f3c-768d-433a-8e60-24f6864f15dd/IMG_4347.jpg]
[www.resilienceroutes.com/blog/sun-sea-and-savings-backpacking-the-southern-coast-of-france.html]
[images.squarespace-cdn.com/content/64fce6ab35ce4611b9594588/d5da7b69-4415-4edf-b4ac-bcbaac4cef19/talha-ahmed-F2nexndMstM-unsplash43a3.jpg]
[images.squarespace-cdn.com/content/v1/64fce6ab35ce4611b9594588/d5da7b69-4415-4edf-b4ac-bcbaac4cef19/talha-ahmed-F2nexndMstM-unsplash.jpg]
[images.squarespace-cdn.com/content/v1/64fce6ab35ce4611b9594588/a0459419-e661-4a7d-a5d0-e8a8dcc20f11/alejandro-luengo-W1Dlxh5dD7A-unsplash.jpg]
[images.squarespace-cdn.com/content/v1/64fce6ab35ce4611b9594588/21ab1a43-9b90-453f-92d2-7d886e812efd/sergey-pesterev-tMvuB9se2uQ-unsplash.jpg]
[images.squarespace-cdn.com/content/v1/64fce6ab35ce4611b9594588/e5ed4729-45c7-4163-8dbb-e146438cc2ae/redcharlie-sSpFDw4Id8g-unsplash.jpg]
[images.squarespace-cdn.com/content/v1/64fce6ab35ce4611b9594588/3e2056f2-fcda-40d8-b21a-2f3f02ba1b41/dominik-dancs-YumiD4DmYBA-unsplash.jpg]
[images.squarespace-cdn.com/content/v1/64fce6ab35ce4611b9594588/2a52f8a1-f4aa-42e3-880e-682e091472f3/matt-roskovec-fB3-uW_TUcs-unsplash.jpg]
[images.squarespace-cdn.com/content/v1/64fce6ab35ce4611b9594588/603e584d-56d9-4410-a7b8-7efc1da7a7fa/connor-ellsworth-y4QxywTWZj8-unsplash.jpg]
[www.resilienceroutes.com/blog/solo-travel-photography-capturing-unforgettable-moments-on-the-road.html]
[images.squarespace-cdn.com/content/64fce6ab35ce4611b9594588/09661484-7ceb-46fe-9f67-f451c79e643c/IMG_313543a3.jpg]
[images.squarespace-cdn.com/content/v1/64fce6ab35ce4611b9594588/09661484-7ceb-46fe-9f67-f451c79e643c/IMG_3135.jpg]
[images.squarespace-cdn.com/content/v1/64fce6ab35ce4611b9594588/7e7596c1-4e74-41ca-b2f9-66acb944dc5c/nazrin-babashova-AM7Mru44zoc-unsplash.jpg]
[images.squarespace-cdn.com/content/v1/64fce6ab35ce4611b9594588/45f90e9d-149b-42e7-9c55-ec351747cbd9/leslie-joseph-EDnCF65W1bQ-unsplash.jpg]
[images.squarespace-cdn.com/content/v1/64fce6ab35ce4611b9594588/578a4b86-6b2e-41bb-903f-bd494c53b252/riccardo-orlando-LE1oYWI48KM-unsplash.jpg]
[images.squarespace-cdn.com/content/v1/64fce6ab35ce4611b9594588/dcc40937-c2a8-4015-bcf6-5e61af024ff5/kristijan-arsov-E0ZoYg2V6L8-unsplash.jpg]
[images.squarespace-cdn.com/content/v1/64fce6ab35ce4611b9594588/41d99940-1708-4bd3-ba73-f31e035d3afa/robson-felicio-MjBx8wmlAhM-unsplash.jpg]
[images.squarespace-cdn.com/content/v1/64fce6ab35ce4611b9594588/d27db8c7-40fa-4b2a-9a31-b0df65d9db4e/marcel-fagin-q2xIqqOY2LM-unsplash.jpg]
[images.squarespace-cdn.com/content/v1/64fce6ab35ce4611b9594588/0ad5b24a-8ea5-42ab-8897-f2c7dbe57470/IMG_2729.jpg]
[images.squarespace-cdn.com/content/v1/64fce6ab35ce4611b9594588/51f45cb0-12fa-49a7-91e7-ef426dff93cf/IMG_2739.jpg]
[images.squarespace-cdn.com/content/v1/64fce6ab35ce4611b9594588/e7b9aa5b-8227-4c23-b4e7-4820bd85411e/IMG_2745.jpg]
[images.squarespace-cdn.com/content/v1/64fce6ab35ce4611b9594588/05272f11-ac9a-4dbe-867e-32a71268bbd5/IMG_2773.jpg]
[images.squarespace-cdn.com/content/v1/64fce6ab35ce4611b9594588/3d388b2e-7147-494c-88ec-f7c3b1b3d2e0/IMG_2891.jpg]
[images.squarespace-cdn.com/content/v1/64fce6ab35ce4611b9594588/d7e5bb20-17cd-4d9d-90c5-6792b1cceaf4/IMG_2951.jpg]
[images.squarespace-cdn.com/content/v1/64fce6ab35ce4611b9594588/17d401a7-4bdb-4577-bee0-2819e2271b8b/brandon-gurney-a0Q9ETx92bk-unsplash.jpg]
[images.squarespace-cdn.com/content/v1/64fce6ab35ce4611b9594588/d98a38f6-88fc-49ee-8764-a54168e9e874/ian-kelsall-dXDHJ1wXEL0-unsplash.jpg]
[images.squarespace-cdn.com/content/v1/64fce6ab35ce4611b9594588/055f78d2-76c5-40bb-a4e9-caa60f17b0c9/IMG_3463.jpg]
[images.squarespace-cdn.com/content/v1/64fce6ab35ce4611b9594588/87ad2053-29d0-4725-9721-27c9aa1ffbdb/jordi-vich-navarro-VpH8k3be4g8-unsplash.jpg]
[images.squarespace-cdn.com/content/v1/64fce6ab35ce4611b9594588/684c662d-9910-44f3-ae79-9003bb51d1b6/IMG_2080.jpg]
[images.squarespace-cdn.com/content/v1/64fce6ab35ce4611b9594588/f66a4a44-9bd6-415c-a57d-066baac4a278/IMG_2093.jpg]
[images.squarespace-cdn.com/content/v1/64fce6ab35ce4611b9594588/1fb5278d-7ae5-42d8-b591-aecb22a74316/IMG_2109.jpg]
[images.squarespace-cdn.com/content/v1/64fce6ab35ce4611b9594588/b078e6d6-158d-4e8e-97c6-074fa0b2c7b9/IMG_2113.jpg]
[images.squarespace-cdn.com/content/v1/64fce6ab35ce4611b9594588/15033cbf-60a2-4e01-9655-8c8163825fbb/IMG_2114.jpg]
[images.squarespace-cdn.com/content/v1/64fce6ab35ce4611b9594588/d1441038-e369-4c18-b8aa-634d529fb563/IMG_2136.jpg]
[images.squarespace-cdn.com/content/v1/64fce6ab35ce4611b9594588/8305ae68-0af5-467c-a46c-70af9ab7ec59/IMG_2159.jpg]
[images.squarespace-cdn.com/content/v1/64fce6ab35ce4611b9594588/7284af2a-986f-4fd2-af69-45685b7593c6/IMG_2169.jpg]
[images.squarespace-cdn.com/content/v1/64fce6ab35ce4611b9594588/e3857cf1-4ccd-4cc0-b7fc-018bbb26b4bf/IMG_2147.jpg]
[images.squarespace-cdn.com/content/v1/64fce6ab35ce4611b9594588/aeace623-8b5c-4dc9-9f52-ed5d8170e515/sakina-faisal-QJ_2BSPI_sE-unsplash.jpg]
[images.squarespace-cdn.com/content/v1/64fce6ab35ce4611b9594588/a001c707-8813-4c33-8e98-d7e901988b6d/jens-freudenau-0jc29qloXl0-unsplash.jpg]
[www.resilienceroutes.com/blog/concrete-jungle-a-guys-journey-through-the-heart-of-barcelona.html]
[images.squarespace-cdn.com/content/64fce6ab35ce4611b9594588/a692aa3f-8ba0-4b85-bef9-cc6938ebf317/erwan-hesry-pm3O5KxWKtw-unsplash43a3.jpg]
[images.squarespace-cdn.com/content/v1/64fce6ab35ce4611b9594588/a692aa3f-8ba0-4b85-bef9-cc6938ebf317/erwan-hesry-pm3O5KxWKtw-unsplash.jpg]
[images.squarespace-cdn.com/content/v1/64fce6ab35ce4611b9594588/c75baba6-b2c6-404e-bcf7-dd643d6a438a/IMG_1757.jpg]
[images.squarespace-cdn.com/content/v1/64fce6ab35ce4611b9594588/cec1c938-3734-46c6-8ec0-a33c1ad92c35/IMG_1759.jpg]
[images.squarespace-cdn.com/content/v1/64fce6ab35ce4611b9594588/9cb51196-b627-47fb-8d7a-61bad245867e/IMG_1765.jpg]
[images.squarespace-cdn.com/content/v1/64fce6ab35ce4611b9594588/1494f9fb-34ee-4a0e-b834-ddcd2f609925/IMG_2400.jpg]
[images.squarespace-cdn.com/content/v1/64fce6ab35ce4611b9594588/9c53a11f-5024-4105-8782-05eb87c79fbc/IMG_2393.jpg]
[images.squarespace-cdn.com/content/v1/64fce6ab35ce4611b9594588/0ee30ba5-41a4-4539-a085-208f8e5017c5/daniel-corneschi-N6HTCyN50p0-unsplash.jpg]
[images.squarespace-cdn.com/content/v1/64fce6ab35ce4611b9594588/a1165688-b657-46f5-9a4c-a1f509759145/IMG_2265.jpg]
[images.squarespace-cdn.com/content/v1/64fce6ab35ce4611b9594588/524635cb-7687-4da5-87f5-bb2566f3f0eb/IMG_2274.jpg]
[images.squarespace-cdn.com/content/v1/64fce6ab35ce4611b9594588/b6ed60fc-5009-4732-807b-9055a7bfafb3/IMG_2320.jpg]
[images.squarespace-cdn.com/content/v1/64fce6ab35ce4611b9594588/e9db9efc-c4fe-4917-a6fd-7f7a0bef153e/IMG_2262.jpg]
[images.squarespace-cdn.com/content/v1/64fce6ab35ce4611b9594588/c594bdb8-8d4b-42b7-bc86-19388f8f9d6d/IMG_2322.jpg]
[images.squarespace-cdn.com/content/v1/64fce6ab35ce4611b9594588/fe31222a-1467-4010-9439-93ab717b0e66/IMG_2332.jpg]
[images.squarespace-cdn.com/content/v1/64fce6ab35ce4611b9594588/296144a0-22b3-4493-af32-8c5a514c0627/IMG_1844.jpg]
[images.squarespace-cdn.com/content/v1/64fce6ab35ce4611b9594588/205b3852-4dd2-475e-8c84-bb9c00544d44/IMG_1843.jpg]
[images.squarespace-cdn.com/content/v1/64fce6ab35ce4611b9594588/dbcd391b-66c6-42ad-bd68-15de01ccb84c/IMG_1779.jpg]
[images.squarespace-cdn.com/content/v1/64fce6ab35ce4611b9594588/11824785-a21b-4694-8af0-7ae91ad8ea0e/IMG_1836.jpg]
[images.squarespace-cdn.com/content/v1/64fce6ab35ce4611b9594588/7890d831-b2e4-4c18-a009-e229c1d79634/IMG_1986.jpg]
[images.squarespace-cdn.com/content/v1/64fce6ab35ce4611b9594588/e48217a3-1756-4977-92a3-2f672cb3e852/IMG_1960.jpg]
[images.squarespace-cdn.com/content/v1/64fce6ab35ce4611b9594588/6df2f48d-a86a-4ec3-836b-b1f5c2ef7c28/IMG_1949.jpg]
[images.squarespace-cdn.com/content/v1/64fce6ab35ce4611b9594588/75e8a1ab-b422-4973-a831-90af4af53aac/IMG_1989.jpg]
[images.squarespace-cdn.com/content/v1/64fce6ab35ce4611b9594588/4b3d3ce0-3a48-4feb-a1c4-384d96822308/IMG_1933.jpg]
[images.squarespace-cdn.com/content/v1/64fce6ab35ce4611b9594588/7f3ffb89-161f-4aa9-9fc4-fe4e58e120b3/IMG_2553.jpg]
[images.squarespace-cdn.com/content/v1/64fce6ab35ce4611b9594588/182b9950-45e3-40a7-9ed7-373907b252e7/IMG_3230.jpg]
[images.squarespace-cdn.com/content/v1/64fce6ab35ce4611b9594588/363e4bc6-f08d-4d54-a06f-5cb8398f49ae/IMG_3236.jpg]
[images.squarespace-cdn.com/content/v1/64fce6ab35ce4611b9594588/8b0619eb-b4ed-4b0a-92ee-3f44cd18af66/IMG_3239.jpg]
[images.squarespace-cdn.com/content/v1/64fce6ab35ce4611b9594588/7a36af14-ed09-4bf2-b442-7fa16526f4c6/IMG_3244.jpg]
[images.squarespace-cdn.com/content/v1/64fce6ab35ce4611b9594588/e2d3b477-8b61-4183-9c54-275a24d51204/IMG_3247.jpg]
[images.squarespace-cdn.com/content/v1/64fce6ab35ce4611b9594588/c8751834-1fc3-4f56-83bf-d2db3a0192ad/IMG_3253.jpg]
[images.squarespace-cdn.com/content/v1/64fce6ab35ce4611b9594588/35f17843-34a3-4597-a249-3d3b68e3f7c6/tomas-nozina-UP22zkjJGZo-unsplash.jpg]
[images.squarespace-cdn.com/content/v1/64fce6ab35ce4611b9594588/55449086-ef58-4fa6-9ec0-5157182d13f2/IMG_3546.jpg]
[images.squarespace-cdn.com/content/v1/64fce6ab35ce4611b9594588/578983f2-6f7a-4695-a923-bb231736f633/IMG_3585.jpg]
[images.squarespace-cdn.com/content/v1/64fce6ab35ce4611b9594588/cf2ffb7d-508f-4f5a-ae2b-46b5c138ecc0/IMG_3586.jpg]
[images.squarespace-cdn.com/content/v1/64fce6ab35ce4611b9594588/4049cd58-8623-4ad3-923b-0ca8109a3211/IMG_3593.jpg]
[images.squarespace-cdn.com/content/v1/64fce6ab35ce4611b9594588/382e98c3-f96f-4f1b-825f-97237639c0db/IMG_3600.jpg]
[images.squarespace-cdn.com/content/v1/64fce6ab35ce4611b9594588/3446a35c-15bc-41de-b76f-98b94e80f60f/IMG_3566.jpg]
[images.squarespace-cdn.com/content/v1/64fce6ab35ce4611b9594588/fe1018d2-3e4f-46cf-8ed2-245f9935024e/IMG_3574.jpg]
[images.squarespace-cdn.com/content/v1/64fce6ab35ce4611b9594588/4268633b-0c5d-41f8-9350-f6c86f30c7a0/IMG_3575.jpg]
[images.squarespace-cdn.com/content/v1/64fce6ab35ce4611b9594588/51db31b4-dc97-497a-99e1-586d6eb51f09/IMG_3578.jpg]
[images.squarespace-cdn.com/content/v1/64fce6ab35ce4611b9594588/dccd96b5-e4f0-464d-b2c8-6113890248f2/IMG_3601.jpg]
[images.squarespace-cdn.com/content/v1/64fce6ab35ce4611b9594588/86a42f07-1cb9-4000-b640-64829e954a45/IMG_3602.jpg]
[images.squarespace-cdn.com/content/v1/64fce6ab35ce4611b9594588/aa787359-a80c-489d-985d-8639fa9fc761/IMG_3696.jpg]
[images.squarespace-cdn.com/content/v1/64fce6ab35ce4611b9594588/5655094b-60d7-45af-9f3b-c77d7ff3cacc/IMG_3610.jpg]
[images.squarespace-cdn.com/content/v1/64fce6ab35ce4611b9594588/e7e31b8c-d66f-4fc0-8367-4392b90a2b3d/IMG_3613.jpg]
[images.squarespace-cdn.com/content/v1/64fce6ab35ce4611b9594588/bf93ff7f-0cb2-45e3-bd9c-66a52a300734/IMG_3621.jpg]
[images.squarespace-cdn.com/content/v1/64fce6ab35ce4611b9594588/c15d8530-9773-4759-9b69-b6c6031e6469/IMG_3624.jpg]
[images.squarespace-cdn.com/content/v1/64fce6ab35ce4611b9594588/15fef8a7-aeaa-4175-a21c-538cc2ef4192/IMG_3626.jpg]
[images.squarespace-cdn.com/content/v1/64fce6ab35ce4611b9594588/b73cede0-3c7a-43d3-b75f-e3efdfc6147f/IMG_3629.jpg]
[images.squarespace-cdn.com/content/v1/64fce6ab35ce4611b9594588/44e7ac81-f2df-436c-a906-5d58e8822b6d/IMG_3686.jpg]
[images.squarespace-cdn.com/content/v1/64fce6ab35ce4611b9594588/ba6ff03d-f3f1-4fd3-adec-6e71dd09731f/IMG_3630.jpg]
[images.squarespace-cdn.com/content/v1/64fce6ab35ce4611b9594588/ab209540-25a0-49a5-a06a-be15640027e7/IMG_3631.jpg]
[images.squarespace-cdn.com/content/v1/64fce6ab35ce4611b9594588/efc46942-a495-4212-a01e-e4e1bc5999cf/IMG_3683.jpg]
[images.squarespace-cdn.com/content/v1/64fce6ab35ce4611b9594588/7bdb8a26-58c8-4a58-a1a1-bf38db7aa072/IMG_3788.jpg]
[images.squarespace-cdn.com/content/v1/64fce6ab35ce4611b9594588/5b3cd77f-6790-42ee-8e8d-51d9543dc291/IMG_3689.jpg]
[images.squarespace-cdn.com/content/v1/64fce6ab35ce4611b9594588/e6233bb9-702d-4d25-a826-b220af3e571a/IMG_3662.jpg]
[www.resilienceroutes.com/blog/beyond-the-brochure-a-mavericks-guide-to-budget-backpacking-in-barcelona.html]
[images.squarespace-cdn.com/content/64fce6ab35ce4611b9594588/6ae5fc28-6ac8-40ac-a565-1e4c30cb15d4/alex-azabache-BReigPd7XnQ-unsplash43a3.jpg]
[images.squarespace-cdn.com/content/v1/64fce6ab35ce4611b9594588/6ae5fc28-6ac8-40ac-a565-1e4c30cb15d4/alex-azabache-BReigPd7XnQ-unsplash.jpg]
[images.squarespace-cdn.com/content/v1/64fce6ab35ce4611b9594588/f028e327-912c-4ab7-8688-7bb8ef16c0f8/cory-GpK9rIM2EIA-unsplash.jpg]
[images.squarespace-cdn.com/content/v1/64fce6ab35ce4611b9594588/30b1d35b-d242-49ea-9c22-79ddaac265c3/anthony-tori-9qYKMbBCFjc-unsplash.jpg]
[images.squarespace-cdn.com/content/v1/64fce6ab35ce4611b9594588/372e1b2a-9902-4a53-a80e-e47ce46aa659/towfiqu-barbhuiya-jpqyfK7GB4w-unsplash.jpg]
[images.squarespace-cdn.com/content/v1/64fce6ab35ce4611b9594588/087ee8d4-e125-4390-aa33-d9658b0843d8/nik-z1d-LP8sjuI-unsplash.jpg]
[images.squarespace-cdn.com/content/v1/64fce6ab35ce4611b9594588/72eda490-b312-45bb-84da-2288a3e5b25b/dj-johnson-mTH1CZWaX0Q-unsplash.jpg]
[images.squarespace-cdn.com/content/v1/64fce6ab35ce4611b9594588/68f225f3-713b-4be3-aa52-116b3a91cee9/clay-banks-LjqARJaJotc-unsplash.jpg]
[www.resilienceroutes.com/blog/six-things-that-backpacking-teaches-you-about-life.html]
[images.squarespace-cdn.com/content/64fce6ab35ce4611b9594588/e368a32f-1f54-452a-b175-40de7b546c57/ai-generated-8291768_192043a3.jpg]
[images.squarespace-cdn.com/content/v1/64fce6ab35ce4611b9594588/e368a32f-1f54-452a-b175-40de7b546c57/ai-generated-8291768_1920.jpg]
[www.resilienceroutes.com/blog/master-the-art-of-solo-backpacking.html]
[www.resilienceroutes.com/blog/the-resilient-budget-backpackers-toolkit.html]
[images.squarespace-cdn.com/content/64fce6ab35ce4611b9594588/626e5de1-60ec-4bba-b2a2-56decc7ef897/alvaro-bernal-d5vpK2XFF5E-unsplash43a3.jpg]
[images.squarespace-cdn.com/content/v1/64fce6ab35ce4611b9594588/626e5de1-60ec-4bba-b2a2-56decc7ef897/alvaro-bernal-d5vpK2XFF5E-unsplash.jpg]
[images.squarespace-cdn.com/content/v1/64fce6ab35ce4611b9594588/fcb8c9d3-21ed-4507-b4f8-012db79f1069/paul-jespers-HKqLX9NTtKc-unsplash.jpg]
[images.squarespace-cdn.com/content/v1/64fce6ab35ce4611b9594588/72bc9619-6902-45b8-866a-4e71a701aa4e/IMG_0852.jpg]
[images.squarespace-cdn.com/content/v1/64fce6ab35ce4611b9594588/d5e0e2c7-1a15-440c-985d-389bb48bc398/bruno-figueiredo-40a3bN91TaI-unsplash.jpg]
[images.squarespace-cdn.com/content/v1/64fce6ab35ce4611b9594588/1c3ad9cf-a9d0-43e2-9b6a-0a5a8e938030/IMG_0838.jpg]
[images.squarespace-cdn.com/content/v1/64fce6ab35ce4611b9594588/f917a2a7-bf48-4b0d-841b-3afbc7ee5d44/IMG_0845.jpg]
[images.squarespace-cdn.com/content/v1/64fce6ab35ce4611b9594588/505d1a27-3d54-4a6a-980c-93a6dd18fa2d/willian-justen-de-vasconcellos-mS0lXpIdhe8-unsplash.jpg]
[images.squarespace-cdn.com/content/v1/64fce6ab35ce4611b9594588/280ebfc5-95d5-4e0d-8ea4-ff4330ad1c0b/adam-kolmacka-wQfy1mkwr2s-unsplash.jpg]
[images.squarespace-cdn.com/content/v1/64fce6ab35ce4611b9594588/4b210e3d-3db6-45e8-9a0e-615352f2ff91/mari-vlassi-iqa2yUUsVLw-unsplash.jpg]
[images.squarespace-cdn.com/content/v1/64fce6ab35ce4611b9594588/aee8837d-2925-4711-983c-3208fb905649/tomas-anton-escobar-ply0HFTnVEg-unsplash.jpg]
[images.squarespace-cdn.com/content/v1/64fce6ab35ce4611b9594588/b6d4c948-9914-4941-9cb9-b1976d284bc2/pelayo-arbues-W40cW87seEM-unsplash.jpg]
[images.squarespace-cdn.com/content/v1/64fce6ab35ce4611b9594588/0b8076b1-36ec-499a-a56b-ffe306f2c7db/pelayo-arbues-tN6IWBMRGMs-unsplash.jpg]
[images.squarespace-cdn.com/content/v1/64fce6ab35ce4611b9594588/cc1abf90-5318-4b6d-a9ed-c31a703ce323/pelayo-arbues-DHeZBQIHtjw-unsplash.jpg]
[images.squarespace-cdn.com/content/v1/64fce6ab35ce4611b9594588/5a229ab4-e32a-4304-9408-01c57dd38e0e/pelayo-arbues-TgogeHcKQ7c-unsplash.jpg]
[www.resilienceroutes.com/blog/ephemeral-elegance-tales-of-madrids-historic-and-modern-charms.html]
[images.squarespace-cdn.com/content/64fce6ab35ce4611b9594588/433ed7c3-a8e8-4d49-8259-141f98a3c062/florian-wehde-WBGjg0DsO_g-unsplash43a3.jpg]
[images.squarespace-cdn.com/content/v1/64fce6ab35ce4611b9594588/433ed7c3-a8e8-4d49-8259-141f98a3c062/florian-wehde-WBGjg0DsO_g-unsplash.jpg]
[images.squarespace-cdn.com/content/v1/64fce6ab35ce4611b9594588/5c12eb11-a0c5-49f7-8d90-49c6a6017d2f/xingyuan-zhou-DWFvUx48zdg-unsplash.jpg]
[images.squarespace-cdn.com/content/v1/64fce6ab35ce4611b9594588/95310b86-98d0-436a-8a57-179729359bb7/IMG_1275.jpg]
[images.squarespace-cdn.com/content/v1/64fce6ab35ce4611b9594588/63dd5f80-6bd6-4848-8f1b-8c3a5a8a2575/IMG_1282.jpg]
[images.squarespace-cdn.com/content/v1/64fce6ab35ce4611b9594588/3f9035c2-0595-45a0-93a1-3771e33db530/IMG_1291.jpg]
[images.squarespace-cdn.com/content/v1/64fce6ab35ce4611b9594588/e0d977a3-160e-425e-ba96-ba76d2a64caf/IMG_1297.jpg]
[images.squarespace-cdn.com/content/v1/64fce6ab35ce4611b9594588/86146dbe-6c9d-4f16-a7fc-fd7e6fe044a8/IMG_1300.jpg]
[images.squarespace-cdn.com/content/v1/64fce6ab35ce4611b9594588/216605d1-1f72-4cbc-855a-7ea42c731a09/moiz-k-malik-KQku3oTDw6A-unsplash.jpg]
[images.squarespace-cdn.com/content/v1/64fce6ab35ce4611b9594588/27b24021-39a4-42fb-947b-306d850b0bdd/alvaro-araoz-QizUxzhEMI0-unsplash.jpg]
[images.squarespace-cdn.com/content/v1/64fce6ab35ce4611b9594588/818c4999-7744-404e-9034-dd7f387ad710/alejandro-cartagena-KRzGB1Dd19Q-unsplash.jpg]
[images.squarespace-cdn.com/content/v1/64fce6ab35ce4611b9594588/3bcace32-ae8c-4653-8458-c049046f0522/kristijan-arsov-rH96m-z1TmI-unsplash.jpg]
[images.squarespace-cdn.com/content/v1/64fce6ab35ce4611b9594588/3086e91a-0d86-47da-82e1-a145edae888c/igor-oliyarnik-ufm2_BJBRGc-unsplash.jpg]
[images.squarespace-cdn.com/content/v1/64fce6ab35ce4611b9594588/fd851586-16a5-4b2b-8e5b-c0059034922e/shannon-egan-mGE4rRSxfVg-unsplash.jpg]
[images.squarespace-cdn.com/content/v1/64fce6ab35ce4611b9594588/53f76d2c-e494-44d8-97c4-59743a373d8a/IMG_0780.jpg]
[images.squarespace-cdn.com/content/v1/64fce6ab35ce4611b9594588/f50d6e5c-9b24-4fc1-baa0-e2322f252f15/ed-berrevoets-zQtrVlilf0U-unsplash.jpg]
[images.squarespace-cdn.com/content/v1/64fce6ab35ce4611b9594588/3498575c-4411-437b-86d9-e0d5465b8653/manuel-barroso-parejo-_rvV1fWPpcQ-unsplash.jpg]
[images.squarespace-cdn.com/content/v1/64fce6ab35ce4611b9594588/3a611d83-831a-4878-86ed-669496fc60b2/yoav-aziz-Uj7N7Lkw5h8-unsplash.jpg]
[images.squarespace-cdn.com/content/v1/64fce6ab35ce4611b9594588/d8a70640-67eb-4bd3-97ab-8066f26d8b64/kevin-laminto-4xbUFduTEY0-unsplash.jpg]
[images.squarespace-cdn.com/content/v1/64fce6ab35ce4611b9594588/afc15a94-baf7-4cf6-bdf5-9750651f31ff/valeria-volosciuc-gzRCUUr7D2w-unsplash.jpg]
[images.squarespace-cdn.com/content/v1/64fce6ab35ce4611b9594588/686eed86-b57c-4d2a-bd93-f2effeeea06d/IMG_0732.jpg]
[images.squarespace-cdn.com/content/v1/64fce6ab35ce4611b9594588/f45210c2-82e7-4c11-9b21-7fc08e98daa1/IMG_0728.jpg]
[images.squarespace-cdn.com/content/v1/64fce6ab35ce4611b9594588/b1897f11-848d-4d91-9531-c7e152022f2f/IMG_1328.jpg]
[images.squarespace-cdn.com/content/v1/64fce6ab35ce4611b9594588/ea884299-afdf-4228-93ae-d4f98cd4da03/IMG_1329.jpg]
[images.squarespace-cdn.com/content/v1/64fce6ab35ce4611b9594588/a944f904-56fa-42c7-8808-b41a47491fee/IMG_1330.jpg]
[images.squarespace-cdn.com/content/v1/64fce6ab35ce4611b9594588/6f033120-d9c1-46c6-a1af-ba4b2aa30f4b/IMG_0830.jpg]
[images.squarespace-cdn.com/content/v1/64fce6ab35ce4611b9594588/dc4372b5-8a73-4d3d-8c34-e3fe72fd2e63/IMG_1332.jpg]
[images.squarespace-cdn.com/content/v1/64fce6ab35ce4611b9594588/8a5aebde-d29f-430a-8cfd-4bb38e00e1cc/kristijan-arsov-swS4kE_9Eq8-unsplash.jpg]
[images.squarespace-cdn.com/content/v1/64fce6ab35ce4611b9594588/c2f4f397-bf95-43c6-b52b-d9be1bf4353a/IMG_1622.jpg]
[www.resilienceroutes.com/blog/solo-savers-unveiling-insights-into-madrids-budget-friendly-escapades.html]
[images.squarespace-cdn.com/content/64fce6ab35ce4611b9594588/6000ca6f-6da3-4c6d-8fb7-a23a2d05d882/tom-byrom-hgFX7SydvFk-unsplash43a3.jpg]
[images.squarespace-cdn.com/content/v1/64fce6ab35ce4611b9594588/6000ca6f-6da3-4c6d-8fb7-a23a2d05d882/tom-byrom-hgFX7SydvFk-unsplash.jpg]
[images.squarespace-cdn.com/content/v1/64fce6ab35ce4611b9594588/88d6677e-8fcd-4afa-916b-2e4d6b245748/liam-mckay-VHWyqXsWHg0-unsplash.jpg]
[images.squarespace-cdn.com/content/v1/64fce6ab35ce4611b9594588/d486118c-2789-451b-a82a-ba23c41a98b8/francois-le-nguyen-HWb2iICJN1o-unsplash.jpg]
[images.squarespace-cdn.com/content/v1/64fce6ab35ce4611b9594588/aab8634c-7f61-408f-b13f-2d00d737c05a/IMG_9230.jpg]
[images.squarespace-cdn.com/content/v1/64fce6ab35ce4611b9594588/457759fc-b5c7-4707-82bc-a8d11fdc0267/IMG_0452.jpg]
[images.squarespace-cdn.com/content/v1/64fce6ab35ce4611b9594588/5083a10e-cb36-49c1-b5a7-645f56e46d37/IMG_0489.jpg]
[images.squarespace-cdn.com/content/v1/64fce6ab35ce4611b9594588/24b21343-cf38-4c00-ae15-e728eaf7ef1f/IMG_0493.jpg]
[images.squarespace-cdn.com/content/v1/64fce6ab35ce4611b9594588/2befa09a-c845-44b2-9bb8-2522ab3f5728/IMG_0496.jpg]
[images.squarespace-cdn.com/content/v1/64fce6ab35ce4611b9594588/54a92f6f-49c7-48dc-96d9-e6e03d3ad86a/IMG_0501.jpg]
[images.squarespace-cdn.com/content/v1/64fce6ab35ce4611b9594588/3d6d6fb2-021c-4de4-a931-28a5121ed10b/IMG_0517.jpg]
[images.squarespace-cdn.com/content/v1/64fce6ab35ce4611b9594588/68d9f169-6508-4cbf-9664-ee7f67f9e2cc/IMG_0001.jpg]
[images.squarespace-cdn.com/content/v1/64fce6ab35ce4611b9594588/d88d4026-7675-4222-bd85-3c3398328d25/IMG_0002.jpg]
[images.squarespace-cdn.com/content/v1/64fce6ab35ce4611b9594588/689d104d-b1c3-48cc-a937-1ab813f79e68/IMG_0011.jpg]
[images.squarespace-cdn.com/content/v1/64fce6ab35ce4611b9594588/2a1a0813-81c5-4eac-93fb-068b40b35adc/IMG_0014.jpg]
[images.squarespace-cdn.com/content/v1/64fce6ab35ce4611b9594588/7cb57906-c92d-419f-8670-fd1c8594eb8c/IMG_0023.jpg]
[images.squarespace-cdn.com/content/v1/64fce6ab35ce4611b9594588/397386bf-3aa5-41bd-957c-f2b2cf030335/IMG_0026.jpg]
[images.squarespace-cdn.com/content/v1/64fce6ab35ce4611b9594588/c508c7fd-74ad-4598-994f-172a49880978/IMG_0027.jpg]
[images.squarespace-cdn.com/content/v1/64fce6ab35ce4611b9594588/df23ade1-d8e3-424d-9c65-2d1f6f8c1e5c/IMG_0029.jpg]
[images.squarespace-cdn.com/content/v1/64fce6ab35ce4611b9594588/da95a7cb-b46a-40b1-90ad-e73757d91414/IMG_0053.jpg]
[images.squarespace-cdn.com/content/v1/64fce6ab35ce4611b9594588/80d064ba-c0da-4f7f-8d35-2ea7e4bd3da0/IMG_0129.jpg]
[images.squarespace-cdn.com/content/v1/64fce6ab35ce4611b9594588/49fcabb3-e7e4-46b9-8111-fadc7850bc04/IMG_0135.jpg]
[images.squarespace-cdn.com/content/v1/64fce6ab35ce4611b9594588/06489727-ee47-466a-8a95-51ae16d3b37d/IMG_0144.jpg]
[images.squarespace-cdn.com/content/v1/64fce6ab35ce4611b9594588/1e9bc478-8b09-46d1-80dc-389a3e2fc766/IMG_0147.jpg]
[images.squarespace-cdn.com/content/v1/64fce6ab35ce4611b9594588/87bcfdf3-7d08-498f-97fc-0bc29e8ad51a/IMG_0241.jpg]
[images.squarespace-cdn.com/content/v1/64fce6ab35ce4611b9594588/3c2a91aa-226e-4daa-b8f7-85605851e70f/IMG_0347.jpg]
[images.squarespace-cdn.com/content/v1/64fce6ab35ce4611b9594588/f1bf1d2e-da75-467f-a9df-5336e242ff81/IMG_0352.jpg]
[images.squarespace-cdn.com/content/v1/64fce6ab35ce4611b9594588/cffc7493-8853-4e22-9ce5-d03f7e4a4b4b/IMG_0404.jpg]
[images.squarespace-cdn.com/content/v1/64fce6ab35ce4611b9594588/5b4968c6-e7ee-4d78-8fee-d284e62a58a0/IMG_0412.jpg]
[images.squarespace-cdn.com/content/v1/64fce6ab35ce4611b9594588/ec00c67f-4efc-4359-9887-16891b5dfdd8/IMG_0424.jpg]
[images.squarespace-cdn.com/content/v1/64fce6ab35ce4611b9594588/a4dc0385-ec45-44ed-93e0-4c9853c76a97/eilis-garvey-3z-hBPXcyuU-unsplash.jpg]
[images.squarespace-cdn.com/content/v1/64fce6ab35ce4611b9594588/d4f1a92c-2f13-4c5e-832f-a12f3a0cf307/IMG_9109.jpg]
[images.squarespace-cdn.com/content/v1/64fce6ab35ce4611b9594588/46dcbeb4-de51-4da5-baf5-a1aa977c2135/marina-poliukhovich-j0rNU6GOuLI-unsplash.jpg]
[images.squarespace-cdn.com/content/v1/64fce6ab35ce4611b9594588/239fe7fa-4bdf-4c43-8e05-be056e48de6d/vita-maksymets-NYWPTVjScD0-unsplash.jpg]
[images.squarespace-cdn.com/content/v1/64fce6ab35ce4611b9594588/4e0aee8a-6e5b-40ab-a438-b25e78236976/IMG_9932.jpg]
[images.squarespace-cdn.com/content/v1/64fce6ab35ce4611b9594588/e68607f8-b5d1-4298-b127-8648f69fce75/IMG_9886.jpg]
[images.squarespace-cdn.com/content/v1/64fce6ab35ce4611b9594588/00e50d41-7874-4e5f-860a-a4c6913f113f/IMG_9889.jpg]
[images.squarespace-cdn.com/content/v1/64fce6ab35ce4611b9594588/e70e129f-9044-4553-ab62-f1e67d85569b/IMG_9904.jpg]
[images.squarespace-cdn.com/content/v1/64fce6ab35ce4611b9594588/20651869-e4f7-4039-a042-782c46d2772c/IMG_9938.jpg]
[images.squarespace-cdn.com/content/v1/64fce6ab35ce4611b9594588/bc8355ee-5d47-4424-acfe-7e8ddcb754a4/IMG_9947.jpg]
[images.squarespace-cdn.com/content/v1/64fce6ab35ce4611b9594588/c445c30b-ad0b-4722-81f7-97ca26a6b708/IMG_9949.jpg]
[images.squarespace-cdn.com/content/v1/64fce6ab35ce4611b9594588/5d344286-a745-4543-a8b9-9c00b1b0fe75/freguesia-de-estrela-soptXCoJ5xE-unsplash.jpg]
[images.squarespace-cdn.com/content/v1/64fce6ab35ce4611b9594588/126aae33-0590-459f-98cf-74d5a258490e/freguesia-de-estrela-i_5HsUQYYbY-unsplash.jpg]
[images.squarespace-cdn.com/content/v1/64fce6ab35ce4611b9594588/748adc42-af4c-47eb-a38e-92a1eb268660/freguesia-de-estrela-SgYZbHqek9w-unsplash.jpg]
[images.squarespace-cdn.com/content/v1/64fce6ab35ce4611b9594588/6d3b61dc-001d-44bc-a714-5ee30c954e53/IMG_9983.jpg]
[www.resilienceroutes.com/blog/economical-escapades-navigating-lisbons-landmarks-on-a-budget.html]
[www.resilienceroutes.com/blog0812.html]
[www.resilienceroutes.com/blogae7f.html]
[www.resilienceroutes.com/blog/backpacking-on-a-shoestring-budget.html]
[www.resilienceroutes.com/blogb8da.html]
[www.resilienceroutes.com/blog2e5c.html]
[www.resilienceroutes.com/blogda51.html]
[www.resilienceroutes.com/blog719a.html]
[www.resilienceroutes.com/blogd0cf.html]
[www.resilienceroutes.com/blog77e5.html]
[www.resilienceroutes.com/blog1ab2.html]
[www.resilienceroutes.com/blog4c38.html]
[images.squarespace-cdn.com/content/64fce6ab35ce4611b9594588/043c2afe-1cc6-4f60-a5f6-1d474f47dab1/joao-barbosa-iSZJxklblkw-unsplash43a3.jpg]
[images.squarespace-cdn.com/content/v1/64fce6ab35ce4611b9594588/043c2afe-1cc6-4f60-a5f6-1d474f47dab1/joao-barbosa-iSZJxklblkw-unsplash.jpg]
[images.squarespace-cdn.com/content/v1/64fce6ab35ce4611b9594588/af0d7b6c-cdd1-46f8-a4e9-1478f551fd48/IMG_4179.jpg]
[images.squarespace-cdn.com/content/v1/64fce6ab35ce4611b9594588/2f0da9a6-7455-43fe-bf6a-f1c69554a3d5/IMG_4180.jpg]
[images.squarespace-cdn.com/content/v1/64fce6ab35ce4611b9594588/1d246d87-ef45-4723-96f7-c313079c3830/IMG_4181.jpg]
[images.squarespace-cdn.com/content/v1/64fce6ab35ce4611b9594588/2e750f78-82e5-4229-a896-6d5b725782b4/IMG_4182.jpg]
[images.squarespace-cdn.com/content/v1/64fce6ab35ce4611b9594588/28c56aa9-d064-49ee-b006-8eb977099ed6/kuriakose-john-CJKCaFbqaFY-unsplash.jpg]
[images.squarespace-cdn.com/content/v1/64fce6ab35ce4611b9594588/c8f7ee03-f76a-4176-96b7-302315b36472/tamara-menzi-ZAd3Z9wOgOs-unsplash.jpg]
[images.squarespace-cdn.com/content/v1/64fce6ab35ce4611b9594588/50909ebf-6587-4bd4-9661-98f1e45546aa/IMG_4277.jpg]
[images.squarespace-cdn.com/content/v1/64fce6ab35ce4611b9594588/f0b133f6-e261-4ae8-a7f9-86c71b5a08ce/IMG_4223.jpg]
[images.squarespace-cdn.com/content/v1/64fce6ab35ce4611b9594588/38180cf3-218e-4984-ada7-1b5afe5944e8/IMG_4224.jpg]
[images.squarespace-cdn.com/content/v1/64fce6ab35ce4611b9594588/2dc9c645-bf42-4908-910e-cfa5ddab4917/IMG_4279.jpg]
[images.squarespace-cdn.com/content/v1/64fce6ab35ce4611b9594588/930f36bf-3201-4bb5-ac90-4b8e7964f622/Cathedral.jpg]
[images.squarespace-cdn.com/content/v1/64fce6ab35ce4611b9594588/b2ecd3d1-c11f-4534-ae44-8664f58be2b0/IMG_4328.jpg]
[images.squarespace-cdn.com/content/v1/64fce6ab35ce4611b9594588/6e6cfb34-7a97-4dc4-b527-fc6284c63965/IMG_4319.jpg]
[images.squarespace-cdn.com/content/v1/64fce6ab35ce4611b9594588/36d7b204-3b5e-40e2-8711-b05aced26e3d/IMG_4332.jpg]
[images.squarespace-cdn.com/content/v1/64fce6ab35ce4611b9594588/8ec64b72-9097-4c9a-8d60-0442a342567a/cameron-mourot-HIEa34ZAbRw-unsplash.jpg]
[images.squarespace-cdn.com/content/v1/64fce6ab35ce4611b9594588/ff34e16a-9296-4f63-94fa-b81981867254/martina-jorden-Z55qU717ULc-unsplash.jpg]
[images.squarespace-cdn.com/content/v1/64fce6ab35ce4611b9594588/2e3f3c8f-d91e-472b-9a40-7313fdb948ba/IMG_4552.jpg]
[images.squarespace-cdn.com/content/v1/64fce6ab35ce4611b9594588/1a9fcd1e-3c41-40a1-877d-b2135eb597aa/IMG_4570.jpg]
[images.squarespace-cdn.com/content/v1/64fce6ab35ce4611b9594588/e29c3c31-1139-467c-b8e6-28c2f0b6ab4c/IMG_4584.jpg]
[images.squarespace-cdn.com/content/v1/64fce6ab35ce4611b9594588/a1fe79f8-4981-4c61-9971-cd748bafd410/belper-unitarians-1vcib_vJNdo-unsplash.jpg]
[images.squarespace-cdn.com/content/v1/64fce6ab35ce4611b9594588/b47595f1-2873-4ae1-851a-201e6b1aa818/cody-martin-EnpqTIGPN4g-unsplash.jpg]
[images.squarespace-cdn.com/content/v1/64fce6ab35ce4611b9594588/d3b6c1bf-fb14-49e9-8c0d-e64dc14c3f4e/samuel-regan-asante-Updn3zPOhbM-unsplash.jpg]
[images.squarespace-cdn.com/content/v1/64fce6ab35ce4611b9594588/70ba6b2c-4a38-465b-b73a-c42516fca154/naderinho-ESyKf3uIJoU-unsplash.jpg]
[images.squarespace-cdn.com/content/v1/64fce6ab35ce4611b9594588/a75980d9-33b1-45dd-864c-46c019b462f9/tom-podmore-fjUPNNlIvYE-unsplash.jpg]
[images.squarespace-cdn.com/content/v1/64fce6ab35ce4611b9594588/bc9cf7d3-b3e9-4c5d-a6f4-3ce0b31ef82b/tiziano-brignoli-f8uAA5tzSgk-unsplash.jpg]
[images.squarespace-cdn.com/content/v1/64fce6ab35ce4611b9594588/7f03cf18-87e6-439d-87b0-59f8859a4ab6/david-sury-xIqOBMRdl6s-unsplash.jpg]
[images.squarespace-cdn.com/content/v1/64fce6ab35ce4611b9594588/6aabda47-c711-49af-9167-eeff203585b0/IMG_2270.jpg]
[images.squarespace-cdn.com/content/v1/64fce6ab35ce4611b9594588/d8882b8a-66d8-4e83-8f40-12d955f60155/IMG_4058.jpg]
[images.squarespace-cdn.com/content/v1/64fce6ab35ce4611b9594588/e34c27d6-dc2f-4015-a1ba-bd6ca0d254fe/IMG_5031.jpg]
[images.squarespace-cdn.com/content/v1/64fce6ab35ce4611b9594588/780dbfd2-0eed-485e-b7e3-3e85546bf454/IMG_5276.jpg]
[images.squarespace-cdn.com/content/v1/64fce6ab35ce4611b9594588/fcbf554d-886f-45e4-859e-78e6a89a3c9f/IMG_7447.jpg]
[images.squarespace-cdn.com/content/v1/64fce6ab35ce4611b9594588/7c8fa557-bbe4-4404-96ea-313fe468f4f9/IMG_8689.jpg]
[images.squarespace-cdn.com/content/v1/64fce6ab35ce4611b9594588/bb309c31-da20-4489-8e8e-f9c28723843c/IMG_0855.jpg]
[images.squarespace-cdn.com/content/v1/64fce6ab35ce4611b9594588/772f9d41-c804-4a4b-a4eb-2a2b28b8515a/IMG_2006.jpg]
[images.squarespace-cdn.com/content/v1/64fce6ab35ce4611b9594588/d3baf4c7-7b66-495c-bfe2-bd34d814d455/IMG_1391.jpg]
[www.resilienceroutes.com/blog/london-on-a-budget-a-resilient-backpackers-to-do-list-6-budget-friendly-attractions-to-visit.html]
[images.squarespace-cdn.com/content/64fce6ab35ce4611b9594588/8041166c-233b-4bb2-876c-313655f69999/daniel-gonzalez-KeiUIl9Lzo4-unsplash43a3.jpg]
[images.squarespace-cdn.com/content/v1/64fce6ab35ce4611b9594588/8041166c-233b-4bb2-876c-313655f69999/daniel-gonzalez-KeiUIl9Lzo4-unsplash.jpg]
[images.squarespace-cdn.com/content/v1/64fce6ab35ce4611b9594588/432ab9a9-c336-4d02-81b1-76610db40f47/IMG_0590.jpg]
[images.squarespace-cdn.com/content/v1/64fce6ab35ce4611b9594588/5763981c-f6db-4641-9567-615f8b661f26/alexey-taktarov-_a6ERB7NLfg-unsplash.jpg]
[images.squarespace-cdn.com/content/v1/64fce6ab35ce4611b9594588/517872ba-1ff8-4ff7-b0f3-b2a8712869aa/elijah-hiett-wW0BUXTTUmU-unsplash.jpg]
[images.squarespace-cdn.com/content/v1/64fce6ab35ce4611b9594588/4ff0b1f2-87dc-48ee-b6ff-bdc6c122c065/towfiqu-barbhuiya-Jxi526YIQgA-unsplash.jpg]
[images.squarespace-cdn.com/content/v1/64fce6ab35ce4611b9594588/2a59293c-fb65-4bb3-9643-35cd574d560b/felix-rostig-UmV2wr-Vbq8-unsplash.jpg]
[images.squarespace-cdn.com/content/v1/64fce6ab35ce4611b9594588/6c6f064c-037d-4040-a336-4c0579f2c710/hakan-nural-A01R0HaoW9g-unsplash.jpg]
[images.squarespace-cdn.com/content/v1/64fce6ab35ce4611b9594588/7318c231-b220-4c84-86c8-77902c482846/jamie-hagan-RhweTADDcKo-unsplash.jpg]
[images.squarespace-cdn.com/content/v1/64fce6ab35ce4611b9594588/df4ec01e-2ae6-41e0-bf15-d0254fa9f497/IMG_0575.jpg]
[images.squarespace-cdn.com/content/v1/64fce6ab35ce4611b9594588/c2954bb1-0691-45e9-9e00-564f976f254b/IMG_0578.jpg]
[images.squarespace-cdn.com/content/v1/64fce6ab35ce4611b9594588/f54ffea2-fd6f-4422-848f-f3febba0dccf/shane-rounce-DNkoNXQti3c-unsplash.jpg]
[images.squarespace-cdn.com/content/v1/64fce6ab35ce4611b9594588/1b156358-85cf-46fa-9e23-994409b67468/sunset-1807524_1920.jpg]
[images.squarespace-cdn.com/content/v1/64fce6ab35ce4611b9594588/e2fa1a8d-29e5-459b-a767-ffea3f2ba518/pedro-sanz-5viuCBIXywA-unsplash.jpg]
[images.squarespace-cdn.com/content/v1/64fce6ab35ce4611b9594588/7c5d0a4b-91f4-464b-a876-3c2365c56fc5/IMG_5065.jpg]
[www.resilienceroutes.com/blog/navigating-travel-mishaps-turning-setbacks-into-stories-tales-of-travel-disasters-amp-how-they-taught-valuable-life-lessons.html]
[images.squarespace-cdn.com/content/64fce6ab35ce4611b9594588/6db4989c-85be-4668-a95b-1283f59ced2a/marcin-nowak-iXqTqC-f6jI-unsplash43a3.jpg]
[images.squarespace-cdn.com/content/v1/64fce6ab35ce4611b9594588/6db4989c-85be-4668-a95b-1283f59ced2a/marcin-nowak-iXqTqC-f6jI-unsplash.jpg]
[images.squarespace-cdn.com/content/v1/64fce6ab35ce4611b9594588/efb038ac-581d-4b23-be95-b1ec87d8fc09/claudio-testa-iqeG5xA96M4-unsplash.jpg]
[images.squarespace-cdn.com/content/v1/64fce6ab35ce4611b9594588/5d4343cd-fbe7-4a9e-a157-fd7dc540b2c1/pauline-loroy-Sj_DTPc1GUY-unsplash.jpg]
[images.squarespace-cdn.com/content/v1/64fce6ab35ce4611b9594588/c63a48d0-0356-4bc4-8dbe-75eacdb7a759/francais-a-londres-PQPxd5O1RWk-unsplash.jpg]
[images.squarespace-cdn.com/content/v1/64fce6ab35ce4611b9594588/0ef558a2-324f-4de4-b26c-caad3b8c8c0a/kevin-grieve-sJG864RH_rw-unsplash.jpg]
[images.squarespace-cdn.com/content/v1/64fce6ab35ce4611b9594588/0be18b97-e459-4a1a-9ebc-fcb056980652/devon-rogers-rSJkrxTI1vQ-unsplash.jpg]
[images.squarespace-cdn.com/content/v1/64fce6ab35ce4611b9594588/b2e84810-089a-43b7-98a0-22fdf3e450f6/devon-rogers-CGHOqf1ep9k-unsplash.jpg]
[images.squarespace-cdn.com/content/v1/64fce6ab35ce4611b9594588/15272ff8-273b-4f41-896e-fdb6756bf53a/kuriakose-john-D461PTCxpjc-unsplash.jpg]
[images.squarespace-cdn.com/content/v1/64fce6ab35ce4611b9594588/5b6eb95b-9d33-40dc-91c3-71c6dbf04f5a/igor-sporynin-omozd2P2k8k-unsplash.jpg]
[images.squarespace-cdn.com/content/v1/64fce6ab35ce4611b9594588/7c5a3b45-b3de-4d6a-92fb-e84e7c66b2d4/nick-kemp-2vBEYRAMVFM-unsplash.jpg]
[images.squarespace-cdn.com/content/v1/64fce6ab35ce4611b9594588/e7e7dfb1-7b35-4d6f-b375-c79ae6397d50/mihai-halmi-nistor-dRbhLDa2vCc-unsplash.jpg]
[images.squarespace-cdn.com/content/v1/64fce6ab35ce4611b9594588/0486cf32-b3cc-41f0-b20c-029c79e4241c/gaman-alice-iBc5PKzFuZI-unsplash.jpg]
[images.squarespace-cdn.com/content/v1/64fce6ab35ce4611b9594588/d0aa8627-6caf-433e-ab6f-8854ed9839b2/oliver-ash-qQnKiLV-tM0-unsplash.jpg]
[images.squarespace-cdn.com/content/v1/64fce6ab35ce4611b9594588/483f500d-e9b0-4d78-802e-67b8d9ecd104/daphne-be-frenchie-i7SsRwttOlQ-unsplash.jpg]
[images.squarespace-cdn.com/content/v1/64fce6ab35ce4611b9594588/bb9f472a-53b8-4b92-9360-63791dda17b5/ferdinand-stohr-fC-CX8dFuzE-unsplash.jpg]
[www.resilienceroutes.com/blog/london-on-a-budget-part-2-penny-pinching-in-the-uk.html]
[images.squarespace-cdn.com/content/64fce6ab35ce4611b9594588/715df6d2-1d2b-4b3f-86e2-6c1c472f2e0b/lili-popper-lu15z1m_KfM-unsplash43a3.jpg]
[images.squarespace-cdn.com/content/v1/64fce6ab35ce4611b9594588/715df6d2-1d2b-4b3f-86e2-6c1c472f2e0b/lili-popper-lu15z1m_KfM-unsplash.jpg]
[images.squarespace-cdn.com/content/v1/64fce6ab35ce4611b9594588/4e91640c-d478-47b8-b216-13d2338a165c/marc-zimmer-yktwU2t1qHA-unsplash.jpg]
[images.squarespace-cdn.com/content/v1/64fce6ab35ce4611b9594588/d40a373b-41c3-4d2a-b44f-f9843b1e174b/christer-gundersen-KOH8dJIFk_U-unsplash.jpg]
[images.squarespace-cdn.com/content/v1/64fce6ab35ce4611b9594588/038252bb-b4ae-456f-8ad7-39d960de1260/eric-welch-eRwWGWkh0vU-unsplash.jpg]
[images.squarespace-cdn.com/content/v1/64fce6ab35ce4611b9594588/1da69566-bcb9-4e50-acfb-1faf7d0e1d3d/annie-spratt-v-o49Qavatc-unsplash.jpg]
[images.squarespace-cdn.com/content/v1/64fce6ab35ce4611b9594588/149acf93-ff09-4286-ae74-70d47a6ae156/bogdan-cotos-gcaPQqiFG94-unsplash.jpg]
[images.squarespace-cdn.com/content/v1/64fce6ab35ce4611b9594588/0297d833-d448-4afc-808b-173ad1f7c726/leila-azevedo-o6UVPje41Lg-unsplash.jpg]
[images.squarespace-cdn.com/content/v1/64fce6ab35ce4611b9594588/d362aa42-65a2-4297-ba65-0b1d80636f57/gero-camp-m9hcFniqArQ-unsplash.jpg]
[images.squarespace-cdn.com/content/v1/64fce6ab35ce4611b9594588/3a082a60-313d-4417-ae38-9460f7c91f9a/gero-camp-JstxqSMstKM-unsplash.jpg]
[images.squarespace-cdn.com/content/v1/64fce6ab35ce4611b9594588/c9eabd67-67e9-481c-86e5-8dc04dd81651/maxwell-andrews-ehG2KtInYok-unsplash.jpg]
[images.squarespace-cdn.com/content/v1/64fce6ab35ce4611b9594588/54850856-4942-4e63-bbfa-a794e76c52f2/daniel-fatnes-f4yxwyQ_fnA-unsplash.jpg]
[images.squarespace-cdn.com/content/v1/64fce6ab35ce4611b9594588/207ea9c0-ea0e-477a-9c16-7f2b6556def7/sebastian-bjune-bbbuBpY9sF4-unsplash.jpg]
[images.squarespace-cdn.com/content/v1/64fce6ab35ce4611b9594588/25b35659-6491-46ec-beb5-a81de65debb3/eirik-hodne-AtQ7Pnhs7e4-unsplash.jpg]
[www.resilienceroutes.com/blog/exploring-the-uncharted-navigating-off-the-beaten-path-terrain-for-solo-budget-backpackers.html]
[images.squarespace-cdn.com/content/64fce6ab35ce4611b9594588/3201aef2-5f46-4df3-955a-73407ce26e6d/helena-lopes-PGnqT0rXWLs-unsplash43a3.jpg]
[images.squarespace-cdn.com/content/v1/64fce6ab35ce4611b9594588/3201aef2-5f46-4df3-955a-73407ce26e6d/helena-lopes-PGnqT0rXWLs-unsplash.jpg]
[images.squarespace-cdn.com/content/v1/64fce6ab35ce4611b9594588/be1b3638-9f25-4d14-8565-f08bc863de9a/marcus-loke-WQJvWU_HZFo-unsplash.jpg]
[images.squarespace-cdn.com/content/v1/64fce6ab35ce4611b9594588/9b68d7eb-307e-4e18-8e54-1c34337d9410/mike-swigunski-EmDQA7hR_pc-unsplash.jpg]
[images.squarespace-cdn.com/content/v1/64fce6ab35ce4611b9594588/2a39f127-e523-465f-b4a8-7344cfafe838/san-fermin-pamplona-navarra-oMHlyQudE0U-unsplash.jpg]
[images.squarespace-cdn.com/content/v1/64fce6ab35ce4611b9594588/125e5cab-f154-4e15-a3cf-ccebd693a343/tim-marshall-cAtzHUz7Z8g-unsplash.jpg]
[images.squarespace-cdn.com/content/v1/64fce6ab35ce4611b9594588/6cf148dc-ca20-4d58-acf7-db26c205cbd0/humphrey-muleba-vvLBPW3uS4Q-unsplash.jpg]
[images.squarespace-cdn.com/content/v1/64fce6ab35ce4611b9594588/f4154c18-32f3-4a1d-99b5-8c6e47685bb6/heyphotoshoot-Qj9OY_XGWFk-unsplash.jpg]
[images.squarespace-cdn.com/content/v1/64fce6ab35ce4611b9594588/2f83efc4-35b1-4243-86cc-a46bca7c5441/toa-heftiba-sn5YdKelBsg-unsplash.jpg]
[www.resilienceroutes.com/blog/budget-nomads-building-relationships-in-the-world-of-solo-travel.html]
[images.squarespace-cdn.com/content/64fce6ab35ce4611b9594588/a8e96230-3109-4060-ad25-7c36c5aef84a/pexels-joshua-woroniecki-383268443a3.jpg]
[images.squarespace-cdn.com/content/v1/64fce6ab35ce4611b9594588/a8e96230-3109-4060-ad25-7c36c5aef84a/pexels-joshua-woroniecki-3832684.jpg]
[www.resilienceroutes.com/blog/the-resilient-budget-backpackers-toolkit.html]
[www.resilienceroutes.com/blogae7f.html]
[images.squarespace-cdn.com/content/64fce6ab35ce4611b9594588/c47cb6b8-6545-4bf5-9e95-34dad141499d/Budget43a3.jpg]
[images.squarespace-cdn.com/content/v1/64fce6ab35ce4611b9594588/c47cb6b8-6545-4bf5-9e95-34dad141499d/Budget.jpg]
[www.resilienceroutes.com/blog/backpacking-on-a-shoestring-budget.html]
[www.resilienceroutes.com/blogb8da.html]
[www.resilienceroutes.com/blogda51.html]
[www.resilienceroutes.com/blogd0cf.html]
[www.resilienceroutes.com/blog77e5.html]
[www.resilienceroutes.com/blog6258.html]
[www.resilienceroutes.com/blog4c38.html]
[www.resilienceroutes.com/blog6258.html]
[www.resilienceroutes.com/blogf8ac.html]
[www.resilienceroutes.com/blogf8ac.html]
